{"numTotalTestSuites":1176,"numPassedTestSuites":1174,"numFailedTestSuites":2,"numPendingTestSuites":0,"numTotalTests":2626,"numPassedTests":2624,"numFailedTests":1,"numPendingTests":1,"numTodoTests":0,"snapshot":{"added":0,"failure":false,"filesAdded":0,"filesRemoved":0,"filesRemovedList":[],"filesUnmatched":0,"filesUpdated":0,"matched":0,"total":0,"unchecked":0,"uncheckedKeysByFile":[],"unmatched":0,"updated":0,"didUpdate":false},"startTime":1789042717387,"success":false,"testResults":[{"assertionResults":[{"ancestorTitles":["wholesale staff preview middleware"],"fullName":"wholesale staff preview middleware allows preview GET requests","status":"passed","title":"allows preview GET requests","duration":10.993099999999913,"failureMessages":[],"meta":{},"tags":[]},{"ancestorTitles":["wholesale staff preview middleware"],"fullName":"wholesale staff preview middleware rejects preview POST requests","status":"passed","title":"rejects preview POST requests","duration":8.878000000000043,"failureMessages":[],"meta":{},"tags":[]},{"ancestorTitles":["wholesale staff preview middleware"],"fullName":"wholesale staff preview middleware rejects preview PUT requests","status":"passed","title":"rejects preview PUT requests","duration":2.5398999999999887,"failureMessages":[],"meta":{},"tags":[]},{"ancestorTitles":["wholesale staff preview middleware"],"fullName":"wholesale staff preview middleware rejects preview PATCH requests","status":"passed","title":"rejects preview PATCH requests","duration":2.021099999999933,"failureMessages":[],"meta":{},"tags":[]},{"ancestorTitles":["wholesale staff preview middleware"],"fullName":"wholesale staff preview middleware rejects preview DELETE requests","status":"passed","title":"rejects preview DELETE requests","duration":1.654700000000048,"failureMessages":[],"meta":{},"tags":[]},{"ancestorTitles":["wholesale staff preview middleware"],"fullName":"wholesale staff preview middleware does not block ordinary wholesale mutations","status":"passed","title":"does not block ordinary wholesale mutations","duration":0.9516999999999598,"failureMessages":[],"meta":{},"tags":[]},{"ancestorTitles":["wholesale staff preview middleware"],"fullName":"wholesale staff preview middleware still blocks writes after the IMS admin cookie disappears","status":"passed","title":"still blocks writes after the IMS admin cookie disappears","duration":1.2106999999999744,"failureMessages":[],"meta":{},"tags":[]},{"ancestorTitles":["wholesale staff preview middleware"],"fullName":"wholesale staff preview middleware allows test-mode commerce write POST /api/wholesale/orders","status":"passed","title":"allows test-mode commerce write POST /api/wholesale/orders","duration":0.8631000000000313,"failureMessages":[],"meta":{},"tags":[]},{"ancestorTitles":["wholesale staff preview middleware"],"fullName":"wholesale staff preview middleware allows test-mode commerce write PUT /api/wholesale/orders/12","status":"passed","title":"allows test-mode commerce write PUT /api/wholesale/orders/12","duration":1.012899999999945,"failureMessages":[],"meta":{},"tags":[]},{"ancestorTitles":["wholesale staff preview middleware"],"fullName":"wholesale staff preview middleware allows test-mode commerce write DELETE /api/wholesale/orders/12","status":"passed","title":"allows test-mode commerce write DELETE /api/wholesale/orders/12","duration":1.162200000000098,"failureMessages":[],"meta":{},"tags":[]},{"ancestorTitles":["wholesale staff preview middleware"],"fullName":"wholesale staff preview middleware allows test-mode commerce write POST /api/wholesale/orders/12/submit","status":"passed","title":"allows test-mode commerce write POST /api/wholesale/orders/12/submit","duration":0.8298999999999523,"failureMessages":[],"meta":{},"tags":[]},{"ancestorTitles":["wholesale staff preview middleware"],"fullName":"wholesale staff preview middleware allows test-mode commerce write POST /api/wholesale/account/location","status":"passed","title":"allows test-mode commerce write POST /api/wholesale/account/location","duration":0.5381999999999607,"failureMessages":[],"meta":{},"tags":[]},{"ancestorTitles":["wholesale staff preview middleware"],"fullName":"wholesale staff preview middleware blocks non-commerce test-mode write PUT /api/wholesale/account","status":"passed","title":"blocks non-commerce test-mode write PUT /api/wholesale/account","duration":0.8033000000000357,"failureMessages":[],"meta":{},"tags":[]},{"ancestorTitles":["wholesale staff preview middleware"],"fullName":"wholesale staff preview middleware blocks non-commerce test-mode write POST /api/wholesale/account/team","status":"passed","title":"blocks non-commerce test-mode write POST /api/wholesale/account/team","duration":1.4887999999999693,"failureMessages":[],"meta":{},"tags":[]},{"ancestorTitles":["wholesale staff preview middleware"],"fullName":"wholesale staff preview middleware blocks non-commerce test-mode write POST /api/wholesale/saved-lists","status":"passed","title":"blocks non-commerce test-mode write POST /api/wholesale/saved-lists","duration":0.8260000000000218,"failureMessages":[],"meta":{},"tags":[]},{"ancestorTitles":["wholesale staff preview middleware"],"fullName":"wholesale staff preview middleware blocks non-commerce test-mode write PUT /api/wholesale/saved-lists/favourites","status":"passed","title":"blocks non-commerce test-mode write PUT /api/wholesale/saved-lists/favourites","duration":0.7170999999999594,"failureMessages":[],"meta":{},"tags":[]},{"ancestorTitles":["online shop custom-domain middleware"],"fullName":"online shop custom-domain middleware treats the www host as the main Solvantis platform","status":"passed","title":"treats the www host as the main Solvantis platform","duration":2.00630000000001,"failureMessages":[],"meta":{},"tags":[]},{"ancestorTitles":["online shop custom-domain middleware"],"fullName":"online shop custom-domain middleware rewrites a verified custom host into the existing storefront route","status":"passed","title":"rewrites a verified custom host into the existing storefront route","duration":5.423800000000028,"failureMessages":[],"meta":{},"tags":[]},{"ancestorTitles":["online shop custom-domain middleware"],"fullName":"online shop custom-domain middleware redirects hosted storefront links back to a clean custom-domain path","status":"passed","title":"redirects hosted storefront links back to a clean custom-domain path","duration":1.3344000000000733,"failureMessages":[],"meta":{},"tags":[]},{"ancestorTitles":["online shop custom-domain middleware"],"fullName":"online shop custom-domain middleware isolates an unresolved custom host from the main application","status":"passed","title":"isolates an unresolved custom host from the main application","duration":0.7790999999999713,"failureMessages":[],"meta":{},"tags":[]}],"startTime":1789042724081,"endTime":1789042724128.779,"status":"passed","message":"","name":"C:/GitHub/marketoir/src/__tests__/middleware.test.ts"},{"assertionResults":[{"ancestorTitles":["shared scheduler sandbox isolation"],"fullName":"shared scheduler sandbox isolation src/app/api/customer-service/auto-reply/route.ts excludes automation-paused businesses","status":"passed","title":"src/app/api/customer-service/auto-reply/route.ts excludes automation-paused businesses","duration":3.5808000000000106,"failureMessages":[],"meta":{},"tags":[]},{"ancestorTitles":["shared scheduler sandbox isolation"],"fullName":"shared scheduler sandbox isolation src/app/api/customer-service/sync-cron/route.ts excludes automation-paused businesses","status":"passed","title":"src/app/api/customer-service/sync-cron/route.ts excludes automation-paused businesses","duration":0.8278000000000247,"failureMessages":[],"meta":{},"tags":[]},{"ancestorTitles":["shared scheduler sandbox isolation"],"fullName":"shared scheduler sandbox isolation src/app/api/foresight/digests/cron/route.ts excludes automation-paused businesses","status":"passed","title":"src/app/api/foresight/digests/cron/route.ts excludes automation-paused businesses","duration":0.8443000000000325,"failureMessages":[],"meta":{},"tags":[]},{"ancestorTitles":["shared scheduler sandbox isolation"],"fullName":"shared scheduler sandbox isolation src/app/api/ims/online-sales/auto-sync-cron/route.ts excludes automation-paused businesses","status":"passed","title":"src/app/api/ims/online-sales/auto-sync-cron/route.ts excludes automation-paused businesses","duration":1.3219000000000278,"failureMessages":[],"meta":{},"tags":[]},{"ancestorTitles":["shared scheduler sandbox isolation"],"fullName":"shared scheduler sandbox isolation src/app/api/ims/shopify/sync-inventory/route.ts excludes automation-paused businesses","status":"passed","title":"src/app/api/ims/shopify/sync-inventory/route.ts excludes automation-paused businesses","duration":0.8876000000000204,"failureMessages":[],"meta":{},"tags":[]},{"ancestorTitles":["shared scheduler sandbox isolation"],"fullName":"shared scheduler sandbox isolation src/app/api/xero/cogs/cron/route.ts excludes automation-paused businesses","status":"passed","title":"src/app/api/xero/cogs/cron/route.ts excludes automation-paused businesses","duration":0.7359000000000151,"failureMessages":[],"meta":{},"tags":[]},{"ancestorTitles":["shared scheduler sandbox isolation"],"fullName":"shared scheduler sandbox isolation src/app/api/xero/reconciliation/cron/route.ts excludes automation-paused businesses","status":"passed","title":"src/app/api/xero/reconciliation/cron/route.ts excludes automation-paused businesses","duration":1.4179000000000315,"failureMessages":[],"meta":{},"tags":[]},{"ancestorTitles":["shared scheduler sandbox isolation"],"fullName":"shared scheduler sandbox isolation src/app/api/xero/reconciliation/digest-cron/route.ts excludes automation-paused businesses","status":"passed","title":"src/app/api/xero/reconciliation/digest-cron/route.ts excludes automation-paused businesses","duration":0.9331999999999994,"failureMessages":[],"meta":{},"tags":[]},{"ancestorTitles":["shared scheduler sandbox isolation"],"fullName":"shared scheduler sandbox isolation src/app/api/xero/shopify-payouts/catchup-cron/route.ts excludes automation-paused businesses","status":"passed","title":"src/app/api/xero/shopify-payouts/catchup-cron/route.ts excludes automation-paused businesses","duration":1.1529999999999632,"failureMessages":[],"meta":{},"tags":[]}],"startTime":1789042744011,"endTime":1789042744023.153,"status":"passed","message":"","name":"C:/GitHub/marketoir/src/lib/__tests__/automationPauseCoverage.test.ts"},{"assertionResults":[{"ancestorTitles":["business feature registry"],"fullName":"business feature registry defaults every registered feature to disabled","status":"passed","title":"defaults every registered feature to disabled","duration":4.347399999999993,"failureMessages":[],"meta":{},"tags":[]},{"ancestorTitles":["business feature registry"],"fullName":"business feature registry recognizes only registered feature keys","status":"passed","title":"recognizes only registered feature keys","duration":0.7200000000000273,"failureMessages":[],"meta":{},"tags":[]},{"ancestorTitles":["business feature registry"],"fullName":"business feature registry keeps the initial Marketing rollout in the Foresight product","status":"passed","title":"keeps the initial Marketing rollout in the Foresight product","duration":1.30600000000004,"failureMessages":[],"meta":{},"tags":[]}],"startTime":1789042752484,"endTime":1789042752490.306,"status":"passed","message":"","name":"C:/GitHub/marketoir/src/lib/__tests__/businessFeatures.test.ts"},{"assertionResults":[{"ancestorTitles":["Google marketing OAuth state"],"fullName":"Google marketing OAuth state round-trips a valid tenant-bound state","status":"passed","title":"round-trips a valid tenant-bound state","duration":6.5978000000000065,"failureMessages":[],"meta":{},"tags":[]},{"ancestorTitles":["Google marketing OAuth state"],"fullName":"Google marketing OAuth state rejects tampered and expired state","status":"passed","title":"rejects tampered and expired state","duration":1.1581999999999653,"failureMessages":[],"meta":{},"tags":[]},{"ancestorTitles":["Google marketing identifiers"],"fullName":"Google marketing identifiers normalizes Ads customer IDs","status":"passed","title":"normalizes Ads customer IDs","duration":0.9376000000000317,"failureMessages":[],"meta":{},"tags":[]},{"ancestorTitles":["Google marketing identifiers"],"fullName":"Google marketing identifiers normalizes Analytics property IDs","status":"passed","title":"normalizes Analytics property IDs","duration":0.6321999999999548,"failureMessages":[],"meta":{},"tags":[]}],"startTime":1789042748593,"endTime":1789042748603.632,"status":"passed","message":"","name":"C:/GitHub/marketoir/src/lib/__tests__/googleMarketingOAuth.test.ts"},{"assertionResults":[{"ancestorTitles":["runtime issue alerts"],"fullName":"runtime issue alerts claims and sends one pending immediate alert","status":"passed","title":"claims and sends one pending immediate alert","duration":9.887399999999957,"failureMessages":[],"meta":{},"tags":[]},{"ancestorTitles":["runtime issue alerts"],"fullName":"runtime issue alerts does nothing when another worker already claimed the alert","status":"passed","title":"does nothing when another worker already claimed the alert","duration":1.5086000000000013,"failureMessages":[],"meta":{},"tags":[]},{"ancestorTitles":["runtime issue alerts"],"fullName":"runtime issue alerts restores the pending claim when email delivery fails","status":"passed","title":"restores the pending claim when email delivery fails","duration":11.949899999999957,"failureMessages":[],"meta":{},"tags":[]},{"ancestorTitles":["runtime issue alerts"],"fullName":"runtime issue alerts sends a daily digest of unresolved issues","status":"passed","title":"sends a daily digest of unresolved issues","duration":6.733100000000036,"failureMessages":[],"meta":{},"tags":[]},{"ancestorTitles":["runtime issue alerts"],"fullName":"runtime issue alerts sends a digest for findings and cases when there are no runtime issues","status":"passed","title":"sends a digest for findings and cases when there are no runtime issues","duration":1.4745000000000346,"failureMessages":[],"meta":{},"tags":[]},{"ancestorTitles":["runtime issue alerts"],"fullName":"runtime issue alerts retries bounded pending immediate alerts","status":"passed","title":"retries bounded pending immediate alerts","duration":1.2398000000000593,"failureMessages":[],"meta":{},"tags":[]}],"startTime":1789042728298,"endTime":1789042728331.2397,"status":"passed","message":"","name":"C:/GitHub/marketoir/src/lib/__tests__/runtimeIssueAlerts.test.ts"},{"assertionResults":[{"ancestorTitles":["runtime issue reporting"],"fullName":"runtime issue reporting redacts nested credentials and bearer values","status":"passed","title":"redacts nested credentials and bearer values","duration":5.370799999999974,"failureMessages":[],"meta":{},"tags":[]},{"ancestorTitles":["runtime issue reporting"],"fullName":"runtime issue reporting uses a stable fingerprint across volatile numeric identifiers","status":"passed","title":"uses a stable fingerprint across volatile numeric identifiers","duration":2.0049000000000206,"failureMessages":[],"meta":{},"tags":[]},{"ancestorTitles":["runtime issue reporting"],"fullName":"runtime issue reporting keeps oversized context valid JSON","status":"passed","title":"keeps oversized context valid JSON","duration":1.9984999999999786,"failureMessages":[],"meta":{},"tags":[]},{"ancestorTitles":["runtime issue reporting"],"fullName":"runtime issue reporting upserts the issue and appends an occurrence event","status":"passed","title":"upserts the issue and appends an occurrence event","duration":7.83340000000004,"failureMessages":[],"meta":{},"tags":[]},{"ancestorTitles":["runtime issue reporting"],"fullName":"runtime issue reporting does not throw when persistence fails","status":"passed","title":"does not throw when persistence fails","duration":3.3722999999999956,"failureMessages":[],"meta":{},"tags":[]},{"ancestorTitles":["runtime issue reporting"],"fullName":"runtime issue reporting returns the persisted issue when post-commit alert delivery throws","status":"passed","title":"returns the persisted issue when post-commit alert delivery throws","duration":2.2309000000000196,"failureMessages":[],"meta":{},"tags":[]}],"startTime":1789042732739,"endTime":1789042732761.231,"status":"passed","message":"","name":"C:/GitHub/marketoir/src/lib/__tests__/runtimeIssues.test.ts"},{"assertionResults":[{"ancestorTitles":["Shopify capability response"],"fullName":"Shopify capability response allows enabled businesses to continue","status":"passed","title":"allows enabled businesses to continue","duration":4.649499999999989,"failureMessages":[],"meta":{},"tags":[]},{"ancestorTitles":["Shopify capability response"],"fullName":"Shopify capability response returns the standard disabled response","status":"passed","title":"returns the standard disabled response","duration":8.409700000000043,"failureMessages":[],"meta":{},"tags":[]}],"startTime":1789042743098,"endTime":1789042743111.4097,"status":"passed","message":"","name":"C:/GitHub/marketoir/src/lib/__tests__/shopifyCapability.test.ts"},{"assertionResults":[{"ancestorTitles":["resolveShopifyAdminCredentials"],"fullName":"resolveShopifyAdminCredentials passes through a legacy permanent access token","status":"passed","title":"passes through a legacy permanent access token","duration":4.771200000000022,"failureMessages":[],"meta":{},"tags":[]},{"ancestorTitles":["resolveShopifyAdminCredentials"],"fullName":"resolveShopifyAdminCredentials reuses a client-credentials token that remains valid beyond the renewal margin","status":"passed","title":"reuses a client-credentials token that remains valid beyond the renewal margin","duration":0.9049999999999727,"failureMessages":[],"meta":{},"tags":[]},{"ancestorTitles":["resolveShopifyAdminCredentials"],"fullName":"resolveShopifyAdminCredentials renews and persists an expired client-credentials token","status":"passed","title":"renews and persists an expired client-credentials token","duration":7.260799999999904,"failureMessages":[],"meta":{},"tags":[]}],"startTime":1789042720291,"endTime":1789042720304.2607,"status":"passed","message":"","name":"C:/GitHub/marketoir/src/lib/__tests__/shopifyCredentials.test.ts"},{"assertionResults":[{"ancestorTitles":["parseShopifyRefund"],"fullName":"parseShopifyRefund uses successful refund transactions as the authoritative amount","status":"passed","title":"uses successful refund transactions as the authoritative amount","duration":5.226799999999969,"failureMessages":[],"meta":{},"tags":[]},{"ancestorTitles":["parseShopifyRefund"],"fullName":"parseShopifyRefund treats itemised subtotals as tax-inclusive when Shopify omits refund transactions","status":"passed","title":"treats itemised subtotals as tax-inclusive when Shopify omits refund transactions","duration":0.7926000000000499,"failureMessages":[],"meta":{},"tags":[]},{"ancestorTitles":["parseShopifyRefund"],"fullName":"parseShopifyRefund extracts GST from a shipping-only refund adjustment","status":"passed","title":"extracts GST from a shipping-only refund adjustment","duration":0.9998999999999683,"failureMessages":[],"meta":{},"tags":[]}],"startTime":1789042751770,"endTime":1789042751778,"status":"passed","message":"","name":"C:/GitHub/marketoir/src/lib/__tests__/shopifyRefund.test.ts"},{"assertionResults":[{"ancestorTitles":["IMS pool — session time_zone pinning"],"fullName":"IMS pool — session time_zone pinning creates the pool with client-side UTC serialisation (timezone: \"Z\")","status":"passed","title":"creates the pool with client-side UTC serialisation (timezone: \"Z\")","duration":312.96659999999997,"failureMessages":[],"meta":{},"tags":[]},{"ancestorTitles":["IMS pool — session time_zone pinning"],"fullName":"IMS pool — session time_zone pinning pins every new pooled connection's session time_zone to UTC","status":"passed","title":"pins every new pooled connection's session time_zone to UTC","duration":3.1365999999999303,"failureMessages":[],"meta":{},"tags":[]},{"ancestorTitles":["Main pool — session time_zone pinning"],"fullName":"Main pool — session time_zone pinning pins every new pooled connection's session time_zone to UTC","status":"passed","title":"pins every new pooled connection's session time_zone to UTC","duration":70.06730000000005,"failureMessages":[],"meta":{},"tags":[]}],"startTime":1789042718448,"endTime":1789042718835.0674,"status":"passed","message":"","name":"C:/GitHub/marketoir/src/services/__tests__/dbSessionTimezone.test.ts"},{"assertionResults":[{"ancestorTitles":["GoogleAdsService controlled budget execution"],"fullName":"GoogleAdsService controlled budget execution submits only exact campaign-budget updates atomically","status":"passed","title":"submits only exact campaign-budget updates atomically","duration":7.413999999999987,"failureMessages":[],"meta":{},"tags":[]},{"ancestorTitles":["GoogleAdsService controlled budget execution"],"fullName":"GoogleAdsService controlled budget execution rejects invalid or duplicate budget IDs before calling Google","status":"passed","title":"rejects invalid or duplicate budget IDs before calling Google","duration":3.6709999999999923,"failureMessages":[],"meta":{},"tags":[]}],"startTime":1789042731719,"endTime":1789042731730.671,"status":"passed","message":"","name":"C:/GitHub/marketoir/src/services/__tests__/GoogleAdsService.execution.test.ts"},{"assertionResults":[{"ancestorTitles":["KlaviyoService"],"fullName":"KlaviyoService follows collection pagination and normalizes campaign records","status":"passed","title":"follows collection pagination and normalizes campaign records","duration":38.16720000000004,"failureMessages":[],"meta":{},"tags":[]},{"ancestorTitles":["KlaviyoService"],"fullName":"KlaviyoService sends the configured API revision and does not expose the key in the URL","status":"passed","title":"sends the configured API revision and does not expose the key in the URL","duration":1.9384000000000015,"failureMessages":[],"meta":{},"tags":[]},{"ancestorTitles":["KlaviyoService"],"fullName":"KlaviyoService retries rate-limited requests using Retry-After","status":"passed","title":"retries rate-limited requests using Retry-After","duration":2.200400000000002,"failureMessages":[],"meta":{},"tags":[]},{"ancestorTitles":["KlaviyoService"],"fullName":"KlaviyoService surfaces structured API errors after bounded retries","status":"passed","title":"surfaces structured API errors after bounded retries","duration":2.77030000000002,"failureMessages":[],"meta":{},"tags":[]}],"startTime":1789042722048,"endTime":1789042722093.7703,"status":"passed","message":"","name":"C:/GitHub/marketoir/src/services/__tests__/KlaviyoService.test.ts"},{"assertionResults":[{"ancestorTitles":["MetaAdsReadService"],"fullName":"MetaAdsReadService creates, reads back, and cancels an exact tenant-bound campaign split test","status":"passed","title":"creates, reads back, and cancels an exact tenant-bound campaign split test","duration":22.73079999999993,"failureMessages":[],"meta":{},"tags":[]},{"ancestorTitles":["MetaAdsReadService"],"fullName":"MetaAdsReadService finds an existing exact split test without creating another one","status":"passed","title":"finds an existing exact split test without creating another one","duration":1.6392999999999347,"failureMessages":[],"meta":{},"tags":[]},{"ancestorTitles":["MetaAdsReadService"],"fullName":"MetaAdsReadService rejects invalid split-test input before submitting a Meta mutation","status":"passed","title":"rejects invalid split-test input before submitting a Meta mutation","duration":3.4155000000000655,"failureMessages":[],"meta":{},"tags":[]},{"ancestorTitles":["MetaAdsReadService"],"fullName":"MetaAdsReadService resolves the owning Business Manager through the tenant API","status":"passed","title":"resolves the owning Business Manager through the tenant API","duration":2.8081000000000813,"failureMessages":[],"meta":{},"tags":[]},{"ancestorTitles":["MetaAdsReadService"],"fullName":"MetaAdsReadService reads and updates exact campaign statuses through the tenant API","status":"passed","title":"reads and updates exact campaign statuses through the tenant API","duration":2.223899999999958,"failureMessages":[],"meta":{},"tags":[]},{"ancestorTitles":["MetaAdsReadService"],"fullName":"MetaAdsReadService rejects duplicate campaign status mutations before submitting them","status":"passed","title":"rejects duplicate campaign status mutations before submitting them","duration":2.43100000000004,"failureMessages":[],"meta":{},"tags":[]},{"ancestorTitles":["MetaAdsReadService"],"fullName":"MetaAdsReadService lists bounded campaign identities through the tenant API without mutation","status":"passed","title":"lists bounded campaign identities through the tenant API without mutation","duration":1.4425999999999704,"failureMessages":[],"meta":{},"tags":[]},{"ancestorTitles":["MetaAdsReadService"],"fullName":"MetaAdsReadService uses explicit tenant API instances and reads ad-set parent campaign settings","status":"passed","title":"uses explicit tenant API instances and reads ad-set parent campaign settings","duration":2.1002999999999474,"failureMessages":[],"meta":{},"tags":[]},{"ancestorTitles":["MetaAdsReadService"],"fullName":"MetaAdsReadService rejects malformed account IDs before creating an SDK request","status":"passed","title":"rejects malformed account IDs before creating an SDK request","duration":1.353900000000067,"failureMessages":[],"meta":{},"tags":[]},{"ancestorTitles":["MetaAdsReadService"],"fullName":"MetaAdsReadService updates explicit campaign and ad-set daily budgets through the tenant API","status":"passed","title":"updates explicit campaign and ad-set daily budgets through the tenant API","duration":2.1369999999999436,"failureMessages":[],"meta":{},"tags":[]},{"ancestorTitles":["MetaAdsReadService"],"fullName":"MetaAdsReadService rejects invalid daily budgets before submitting a Meta mutation","status":"passed","title":"rejects invalid daily budgets before submitting a Meta mutation","duration":1.2364000000000033,"failureMessages":[],"meta":{},"tags":[]}],"startTime":1789042723453,"endTime":1789042723497.2363,"status":"passed","message":"","name":"C:/GitHub/marketoir/src/services/__tests__/MetaAdsReadService.test.ts"},{"assertionResults":[{"ancestorTitles":["MetaOAuthService"],"fullName":"MetaOAuthService builds a read-only tenant consent URL","status":"passed","title":"builds a read-only tenant consent URL","duration":3.6843000000000075,"failureMessages":[],"meta":{},"tags":[]},{"ancestorTitles":["MetaOAuthService"],"fullName":"MetaOAuthService paginates and deduplicates accounts without putting the token in a URL","status":"passed","title":"paginates and deduplicates accounts without putting the token in a URL","duration":47.253100000000074,"failureMessages":[],"meta":{},"tags":[]}],"startTime":1789042722038,"endTime":1789042722089.2532,"status":"passed","message":"","name":"C:/GitHub/marketoir/src/services/__tests__/MetaOAuthService.test.ts"},{"assertionResults":[{"ancestorTitles":["ShopifyService gift-card transactions"],"fullName":"ShopifyService gift-card transactions paginates and normalizes transaction history","status":"passed","title":"paginates and normalizes transaction history","duration":26.782100000000014,"failureMessages":[],"meta":{},"tags":[]},{"ancestorTitles":["ShopifyService gift-card transactions"],"fullName":"ShopifyService gift-card transactions creates a debit with the documented input and returns its provider identity","status":"passed","title":"creates a debit with the documented input and returns its provider identity","duration":2.842399999999998,"failureMessages":[],"meta":{},"tags":[]},{"ancestorTitles":["ShopifyService gift-card transactions"],"fullName":"ShopifyService gift-card transactions surfaces Shopify transaction user errors","status":"passed","title":"surfaces Shopify transaction user errors","duration":1.6674000000000433,"failureMessages":[],"meta":{},"tags":[]}],"startTime":1789042722474,"endTime":1789042722505.6675,"status":"passed","message":"","name":"C:/GitHub/marketoir/src/services/__tests__/ShopifyService.giftCards.test.ts"},{"assertionResults":[{"ancestorTitles":["ShopifyService loyalty discounts"],"fullName":"ShopifyService loyalty discounts creates a fixed-value single-use code restricted to the exact Shopify customer","status":"passed","title":"creates a fixed-value single-use code restricted to the exact Shopify customer","duration":40.51909999999998,"failureMessages":[],"meta":{},"tags":[]},{"ancestorTitles":["ShopifyService loyalty discounts"],"fullName":"ShopifyService loyalty discounts sets loyalty metafields on the exact Shopify customer GID","status":"passed","title":"sets loyalty metafields on the exact Shopify customer GID","duration":2.1096000000000004,"failureMessages":[],"meta":{},"tags":[]}],"startTime":1789042724207,"endTime":1789042724250.1096,"status":"passed","message":"","name":"C:/GitHub/marketoir/src/services/__tests__/ShopifyService.loyaltyDiscount.test.ts"},{"assertionResults":[{"ancestorTitles":["ShopifyService product pagination"],"fullName":"ShopifyService product pagination requests active products and returns Shopify cursor parameters","status":"passed","title":"requests active products and returns Shopify cursor parameters","duration":9.933499999999981,"failureMessages":[],"meta":{},"tags":[]},{"ancestorTitles":["ShopifyService product pagination"],"fullName":"ShopifyService product pagination uses the opaque cursor and stops only when Shopify omits the next cursor","status":"passed","title":"uses the opaque cursor and stops only when Shopify omits the next cursor","duration":1.2794000000000096,"failureMessages":[],"meta":{},"tags":[]}],"startTime":1789042747509,"endTime":1789042747520.2793,"status":"passed","message":"","name":"C:/GitHub/marketoir/src/services/__tests__/ShopifyService.products.test.ts"},{"assertionResults":[{"ancestorTitles":["postCogsPeriod"],"fullName":"postCogsPeriod claims and posts an original period once","status":"passed","title":"claims and posts an original period once","duration":9.040899999999965,"failureMessages":[],"meta":{},"tags":[]},{"ancestorTitles":["postCogsPeriod"],"fullName":"postCogsPeriod posts only the variance as an adjustment","status":"passed","title":"posts only the variance as an adjustment","duration":1.2654999999999745,"failureMessages":[],"meta":{},"tags":[]},{"ancestorTitles":["postCogsPeriod"],"fullName":"postCogsPeriod blocks uncosted movements without an override reason","status":"passed","title":"blocks uncosted movements without an override reason","duration":0.9913999999999987,"failureMessages":[],"meta":{},"tags":[]},{"ancestorTitles":["postCogsPeriod"],"fullName":"postCogsPeriod does not post when the cumulative amount is current","status":"passed","title":"does not post when the cumulative amount is current","duration":0.5889999999999418,"failureMessages":[],"meta":{},"tags":[]},{"ancestorTitles":["postCogsPeriod"],"fullName":"postCogsPeriod marks timeouts unknown so they are not blindly retried","status":"passed","title":"marks timeouts unknown so they are not blindly retried","duration":1.0095999999999776,"failureMessages":[],"meta":{},"tags":[]}],"startTime":1789042742603,"endTime":1789042742616.0095,"status":"passed","message":"","name":"C:/GitHub/marketoir/src/services/__tests__/XeroCogsService.test.ts"},{"assertionResults":[{"ancestorTitles":["xeroApiFetch"],"fullName":"xeroApiFetch sends the stable idempotency key to Xero","status":"passed","title":"sends the stable idempotency key to Xero","duration":11.602900000000034,"failureMessages":[],"meta":{},"tags":[]},{"ancestorTitles":["xeroApiFetch"],"fullName":"xeroApiFetch blocks writes before loading credentials or calling Xero when posting is paused","status":"passed","title":"blocks writes before loading credentials or calling Xero when posting is paused","duration":2.661200000000008,"failureMessages":[],"meta":{},"tags":[]},{"ancestorTitles":["xeroApiFetch"],"fullName":"xeroApiFetch allows read-only Xero requests while posting is paused","status":"passed","title":"allows read-only Xero requests while posting is paused","duration":0.9631999999999721,"failureMessages":[],"meta":{},"tags":[]},{"ancestorTitles":["xeroApiFetch"],"fullName":"xeroApiFetch blocks reads before loading credentials when Xero accounting is disabled","status":"passed","title":"blocks reads before loading credentials when Xero accounting is disabled","duration":2.292700000000025,"failureMessages":[],"meta":{},"tags":[]},{"ancestorTitles":["xeroApiFetch"],"fullName":"xeroApiFetch starts a first-time Xero connection with posting paused","status":"passed","title":"starts a first-time Xero connection with posting paused","duration":1.2040999999999826,"failureMessages":[],"meta":{},"tags":[]},{"ancestorTitles":["xeroApiFetch"],"fullName":"xeroApiFetch does not persist first-time credentials when the paused policy cannot be established","status":"passed","title":"does not persist first-time credentials when the paused policy cannot be established","duration":1.242400000000032,"failureMessages":[],"meta":{},"tags":[]},{"ancestorTitles":["xeroApiFetch"],"fullName":"xeroApiFetch does not replace policy when reconnecting an existing Xero tenant","status":"passed","title":"does not replace policy when reconnecting an existing Xero tenant","duration":0.6230000000000473,"failureMessages":[],"meta":{},"tags":[]}],"startTime":1789042725983,"endTime":1789042726003.623,"status":"passed","message":"","name":"C:/GitHub/marketoir/src/services/__tests__/XeroService.test.ts"},{"assertionResults":[{"ancestorTitles":["Xero payment and receipt-journal actions"],"fullName":"Xero payment and receipt-journal actions preflights AmountDue and posts a replay-safe PO payment","status":"passed","title":"preflights AmountDue and posts a replay-safe PO payment","duration":10.13029999999992,"failureMessages":[],"meta":{},"tags":[]},{"ancestorTitles":["Xero payment and receipt-journal actions"],"fullName":"Xero payment and receipt-journal actions rejects an SO payment above the live amount due before POST","status":"passed","title":"rejects an SO payment above the live amount due before POST","duration":2.976099999999974,"failureMessages":[],"meta":{},"tags":[]},{"ancestorTitles":["Xero payment and receipt-journal actions"],"fullName":"Xero payment and receipt-journal actions holds an ambiguous payment outcome for reconciliation","status":"passed","title":"holds an ambiguous payment outcome for reconciliation","duration":1.369100000000003,"failureMessages":[],"meta":{},"tags":[]},{"ancestorTitles":["Xero payment and receipt-journal actions"],"fullName":"Xero payment and receipt-journal actions posts a signed and idempotent Inventory in Transit transfer journal","status":"passed","title":"posts a signed and idempotent Inventory in Transit transfer journal","duration":1.725999999999999,"failureMessages":[],"meta":{},"tags":[]}],"startTime":1789042737869,"endTime":1789042737885.726,"status":"passed","message":"","name":"C:/GitHub/marketoir/src/services/__tests__/XeroSyncService.accountingActions.test.ts"},{"assertionResults":[{"ancestorTitles":[],"fullName":"preserves four-decimal unit precision when approving a bill","status":"passed","title":"preserves four-decimal unit precision when approving a bill","duration":20.78839999999991,"failureMessages":[],"meta":{},"tags":[]},{"ancestorTitles":["credit-note edit helpers"],"fullName":"credit-note edit helpers loads live credit-note settlement state and organisation lock dates","status":"passed","title":"loads live credit-note settlement state and organisation lock dates","duration":3.2941000000000713,"failureMessages":[],"meta":{},"tags":[]},{"ancestorTitles":["credit-note edit helpers"],"fullName":"credit-note edit helpers updates only a linked Xero Draft customer credit note at four-decimal precision","status":"passed","title":"updates only a linked Xero Draft customer credit note at four-decimal precision","duration":18.43010000000004,"failureMessages":[],"meta":{},"tags":[]},{"ancestorTitles":["credit-note edit helpers"],"fullName":"credit-note edit helpers maps a no-tax customer credit note to Xero NONE","status":"passed","title":"maps a no-tax customer credit note to Xero NONE","duration":2.391300000000001,"failureMessages":[],"meta":{},"tags":[]},{"ancestorTitles":["Deferred liability lifecycle sync helpers"],"fullName":"Deferred liability lifecycle sync helpers skips gift card issue invoices when gift card accounting is disabled","status":"passed","title":"skips gift card issue invoices when gift card accounting is disabled","duration":3.4681000000000495,"failureMessages":[],"meta":{},"tags":[]},{"ancestorTitles":["Deferred liability lifecycle sync helpers"],"fullName":"Deferred liability lifecycle sync helpers skips store credit journals when store credit accounting is disabled","status":"passed","title":"skips store credit journals when store credit accounting is disabled","duration":1.1889999999998508,"failureMessages":[],"meta":{},"tags":[]},{"ancestorTitles":["Deferred liability lifecycle sync helpers"],"fullName":"Deferred liability lifecycle sync helpers skips gift card reversal journals when master posting is paused","status":"passed","title":"skips gift card reversal journals when master posting is paused","duration":0.8983000000000629,"failureMessages":[],"meta":{},"tags":[]},{"ancestorTitles":["Deferred liability lifecycle sync helpers"],"fullName":"Deferred liability lifecycle sync helpers posts gift card redemption as DR liability / CR sales revenue journal","status":"passed","title":"posts gift card redemption as DR liability / CR sales revenue journal","duration":1.0065999999999349,"failureMessages":[],"meta":{},"tags":[]},{"ancestorTitles":["Deferred liability lifecycle sync helpers"],"fullName":"Deferred liability lifecycle sync helpers skips store credit issue when liability mapping is missing and logs skipped event","status":"passed","title":"skips store credit issue when liability mapping is missing and logs skipped event","duration":0.7107999999998356,"failureMessages":[],"meta":{},"tags":[]},{"ancestorTitles":["Deferred liability lifecycle sync helpers"],"fullName":"Deferred liability lifecycle sync helpers returns null without posting when successful dedupe key already exists","status":"passed","title":"returns null without posting when successful dedupe key already exists","duration":0.6187999999999647,"failureMessages":[],"meta":{},"tags":[]},{"ancestorTitles":["Deferred liability lifecycle sync helpers"],"fullName":"Deferred liability lifecycle sync helpers posts the counter-journal when the original redemption succeeded","status":"passed","title":"posts the counter-journal when the original redemption succeeded","duration":1.7047000000000025,"failureMessages":[],"meta":{},"tags":[]},{"ancestorTitles":["Deferred liability lifecycle sync helpers"],"fullName":"Deferred liability lifecycle sync helpers records a skipped reversal when the original redemption never posted","status":"passed","title":"records a skipped reversal when the original redemption never posted","duration":0.8269000000000233,"failureMessages":[],"meta":{},"tags":[]},{"ancestorTitles":["PO bill sync"],"fullName":"PO bill sync folds line discounts into unit amounts for ACCPAY bills","status":"passed","title":"folds line discounts into unit amounts for ACCPAY bills","duration":9.996099999999842,"failureMessages":[],"meta":{},"tags":[]},{"ancestorTitles":["PO bill sync"],"fullName":"PO bill sync derives four-decimal unit amount from the authoritative PO line total","status":"passed","title":"derives four-decimal unit amount from the authoritative PO line total","duration":5.942900000000009,"failureMessages":[],"meta":{},"tags":[]},{"ancestorTitles":["PO bill sync"],"fullName":"PO bill sync does not add Xero GST to an untaxed PO line under an exclusive header","status":"passed","title":"does not add Xero GST to an untaxed PO line under an exclusive header","duration":4.77150000000006,"failureMessages":[],"meta":{},"tags":[]},{"ancestorTitles":["PO bill sync"],"fullName":"PO bill sync adds a non-taxable account adjustment for a small printed-line subtotal difference","status":"passed","title":"adds a non-taxable account adjustment for a small printed-line subtotal difference","duration":2.0820000000001073,"failureMessages":[],"meta":{},"tags":[]},{"ancestorTitles":["PO bill sync"],"fullName":"PO bill sync uses the PO order date when no supplier invoice date is saved","status":"passed","title":"uses the PO order date when no supplier invoice date is saved","duration":2.352300000000014,"failureMessages":[],"meta":{},"tags":[]},{"ancestorTitles":["PO bill sync"],"fullName":"PO bill sync uploads a stored supplier invoice to the linked Xero bill","status":"passed","title":"uploads a stored supplier invoice to the linked Xero bill","duration":53.84879999999998,"failureMessages":[],"meta":{},"tags":[]},{"ancestorTitles":["PO bill sync"],"fullName":"PO bill sync returns a warning when Xero rejects an attachment","status":"passed","title":"returns a warning when Xero rejects an attachment","duration":11.804899999999861,"failureMessages":[],"meta":{},"tags":[]},{"ancestorTitles":["PO bill sync"],"fullName":"PO bill sync does not fail the parent PO sync when Xero attachment authentication fails","status":"passed","title":"does not fail the parent PO sync when Xero attachment authentication fails","duration":1.4920000000001892,"failureMessages":[],"meta":{},"tags":[]}],"startTime":1789042719394,"endTime":1789042719542.492,"status":"passed","message":"","name":"C:/GitHub/marketoir/src/services/__tests__/XeroSyncService.deferred.test.ts"},{"assertionResults":[{"ancestorTitles":["triggerEodXeroSync clearing payments"],"fullName":"triggerEodXeroSync clearing payments blocks all EOD posting when the location revenue account is not mapped","status":"passed","title":"blocks all EOD posting when the location revenue account is not mapped","duration":8.228599999999915,"failureMessages":[],"meta":{},"tags":[]},{"ancestorTitles":["triggerEodXeroSync clearing payments"],"fullName":"triggerEodXeroSync clearing payments blocks only the method with no location clearing mapping before creating an invoice","status":"passed","title":"blocks only the method with no location clearing mapping before creating an invoice","duration":1.4895999999999958,"failureMessages":[],"meta":{},"tags":[]},{"ancestorTitles":["triggerEodXeroSync clearing payments"],"fullName":"triggerEodXeroSync clearing payments skips every POS batch action when invoice sync is disabled","status":"passed","title":"skips every POS batch action when invoice sync is disabled","duration":0.8460000000000036,"failureMessages":[],"meta":{},"tags":[]},{"ancestorTitles":["triggerEodXeroSync clearing payments"],"fullName":"triggerEodXeroSync clearing payments completes a zero-sales cash plan without posting an invoice or payment","status":"passed","title":"completes a zero-sales cash plan without posting an invoice or payment","duration":3.865099999999984,"failureMessages":[],"meta":{},"tags":[]},{"ancestorTitles":["triggerEodXeroSync clearing payments"],"fullName":"triggerEodXeroSync clearing payments creates an invoice without payment or variance when POS payment sync is disabled","status":"passed","title":"creates an invoice without payment or variance when POS payment sync is disabled","duration":2.341699999999946,"failureMessages":[],"meta":{},"tags":[]},{"ancestorTitles":["triggerEodXeroSync clearing payments"],"fullName":"triggerEodXeroSync clearing payments posts location revenue with location tracking, persists the invoice, then pays the clearing account","status":"passed","title":"posts location revenue with location tracking, persists the invoice, then pays the clearing account","duration":2.333499999999958,"failureMessages":[],"meta":{},"tags":[]},{"ancestorTitles":["triggerEodXeroSync clearing payments"],"fullName":"triggerEodXeroSync clearing payments posts calculated card fees from the location clearing account after payment","status":"passed","title":"posts calculated card fees from the location clearing account after payment","duration":3.015299999999911,"failureMessages":[],"meta":{},"tags":[]},{"ancestorTitles":["triggerEodXeroSync clearing payments"],"fullName":"triggerEodXeroSync clearing payments retries only the payment when a new-flow invoice already exists","status":"passed","title":"retries only the payment when a new-flow invoice already exists","duration":1.129099999999994,"failureMessages":[],"meta":{},"tags":[]},{"ancestorTitles":["triggerEodXeroSync clearing payments"],"fullName":"triggerEodXeroSync clearing payments keeps the invoice and records a retryable error when payment creation fails","status":"passed","title":"keeps the invoice and records a retryable error when payment creation fails","duration":18.440399999999954,"failureMessages":[],"meta":{},"tags":[]},{"ancestorTitles":["triggerEodXeroSync clearing payments"],"fullName":"triggerEodXeroSync clearing payments invoices expected cash sales then posts a till overage separately","status":"passed","title":"invoices expected cash sales then posts a till overage separately","duration":3.759900000000016,"failureMessages":[],"meta":{},"tags":[]},{"ancestorTitles":["triggerEodXeroSync clearing payments"],"fullName":"triggerEodXeroSync clearing payments keeps gross cash sales on the invoice and posts petty cash as a separate expense","status":"passed","title":"keeps gross cash sales on the invoice and posts petty cash as a separate expense","duration":1.9541999999999007,"failureMessages":[],"meta":{},"tags":[]},{"ancestorTitles":["triggerEodXeroSync clearing payments"],"fullName":"triggerEodXeroSync clearing payments retries only an unfinished till variance after the cash payment completed","status":"passed","title":"retries only an unfinished till variance after the cash payment completed","duration":1.4716000000000804,"failureMessages":[],"meta":{},"tags":[]}],"startTime":1789042724052,"endTime":1789042724101.4717,"status":"passed","message":"","name":"C:/GitHub/marketoir/src/services/__tests__/XeroSyncService.eod.test.ts"},{"assertionResults":[{"ancestorTitles":["syncDailySalesBatch online payout state"],"fullName":"syncDailySalesBatch online payout state persists the combined invoice before applying immediate gateway payments","status":"passed","title":"persists the combined invoice before applying immediate gateway payments","duration":9.86239999999998,"failureMessages":[],"meta":{},"tags":[]},{"ancestorTitles":["syncDailySalesBatch online payout state"],"fullName":"syncDailySalesBatch online payout state does not repost an order payment already owned or completed by another run","status":"passed","title":"does not repost an order payment already owned or completed by another run","duration":1.2649999999999864,"failureMessages":[],"meta":{},"tags":[]},{"ancestorTitles":["syncDailySalesBatch online payout state"],"fullName":"syncDailySalesBatch online payout state posts a separate durable fee spend after the gross order payment","status":"passed","title":"posts a separate durable fee spend after the gross order payment","duration":1.5079000000000633,"failureMessages":[],"meta":{},"tags":[]},{"ancestorTitles":["syncDailySalesBatch online payout state"],"fullName":"syncDailySalesBatch online payout state retries a failed fee without reposting its completed gross payment","status":"passed","title":"retries a failed fee without reposting its completed gross payment","duration":0.90949999999998,"failureMessages":[],"meta":{},"tags":[]},{"ancestorTitles":["syncDailySalesBatch online payout state"],"fullName":"syncDailySalesBatch online payout state refreshes an unpaid existing canonical invoice when late orders increase the completed-day total","status":"passed","title":"refreshes an unpaid existing canonical invoice when late orders increase the completed-day total","duration":2.1002999999999474,"failureMessages":[],"meta":{},"tags":[]},{"ancestorTitles":["syncDailySalesBatch online payout state"],"fullName":"syncDailySalesBatch online payout state replaces a voided canonical invoice without reusing its Xero ID","status":"passed","title":"replaces a voided canonical invoice without reusing its Xero ID","duration":1.060200000000009,"failureMessages":[],"meta":{},"tags":[]},{"ancestorTitles":["syncDailySalesBatch online payout state"],"fullName":"syncDailySalesBatch online payout state reuses the existing invoice while retrying an idempotent clearing payment","status":"passed","title":"reuses the existing invoice while retrying an idempotent clearing payment","duration":3.72829999999999,"failureMessages":[],"meta":{},"tags":[]},{"ancestorTitles":["syncDailySalesBatch online payout state"],"fullName":"syncDailySalesBatch online payout state does not post while another request owns a fresh claim","status":"passed","title":"does not post while another request owns a fresh claim","duration":0.9638999999999669,"failureMessages":[],"meta":{},"tags":[]},{"ancestorTitles":["syncDailySalesBatch online payout state"],"fullName":"syncDailySalesBatch online payout state backfills a historical successful batch instead of reposting it","status":"passed","title":"backfills a historical successful batch instead of reposting it","duration":0.9867000000000417,"failureMessages":[],"meta":{},"tags":[]}],"startTime":1789042734069,"endTime":1789042734091.9868,"status":"passed","message":"","name":"C:/GitHub/marketoir/src/services/__tests__/XeroSyncService.onlineBatch.test.ts"},{"assertionResults":[{"ancestorTitles":["stocktake Xero journals"],"fullName":"stocktake Xero journals values the original journal from applied delta and captured cost, not count-start variance","status":"passed","title":"values the original journal from applied delta and captured cost, not count-start variance","duration":6.511599999999987,"failureMessages":[],"meta":{},"tags":[]},{"ancestorTitles":["stocktake Xero journals"],"fullName":"stocktake Xero journals posts the exact opposite linked journal for a confirmed original","status":"passed","title":"posts the exact opposite linked journal for a confirmed original","duration":5.656300000000044,"failureMessages":[],"meta":{},"tags":[]},{"ancestorTitles":["stocktake Xero journals"],"fullName":"stocktake Xero journals blocks a reversing journal when the original posting is not confirmed","status":"passed","title":"blocks a reversing journal when the original posting is not confirmed","duration":3.8466999999999985,"failureMessages":[],"meta":{},"tags":[]}],"startTime":1789042736540,"endTime":1789042736555.8467,"status":"passed","message":"","name":"C:/GitHub/marketoir/src/services/__tests__/XeroSyncService.stocktakes.test.ts"},{"assertionResults":[{"ancestorTitles":["dashboardHandoff"],"fullName":"dashboardHandoff keeps dashboard view routing separate from handoff parameters","status":"passed","title":"keeps dashboard view routing separate from handoff parameters","duration":3.9219000000000506,"failureMessages":[],"meta":{},"tags":[]},{"ancestorTitles":["dashboardHandoff"],"fullName":"dashboardHandoff builds encoded dashboard handoff hashes","status":"passed","title":"builds encoded dashboard handoff hashes","duration":0.6705000000000609,"failureMessages":[],"meta":{},"tags":[]}],"startTime":1789042753396,"endTime":1789042753400.6704,"status":"passed","message":"","name":"C:/GitHub/marketoir/src/app/dashboard/__tests__/dashboardHandoff.test.ts"},{"assertionResults":[{"ancestorTitles":["plannerWorkspaceModel"],"fullName":"plannerWorkspaceModel normalizes citations and questions from durable message metadata","status":"passed","title":"normalizes citations and questions from durable message metadata","duration":4.2975999999999885,"failureMessages":[],"meta":{},"tags":[]},{"ancestorTitles":["plannerWorkspaceModel"],"fullName":"plannerWorkspaceModel parses JSON and preserves useful non-JSON errors","status":"passed","title":"parses JSON and preserves useful non-JSON errors","duration":42.43000000000001,"failureMessages":[],"meta":{},"tags":[]},{"ancestorTitles":["plannerWorkspaceModel"],"fullName":"plannerWorkspaceModel provides concise thread type labels","status":"passed","title":"provides concise thread type labels","duration":0.6841000000000008,"failureMessages":[],"meta":{},"tags":[]}],"startTime":1789042723904,"endTime":1789042723951.684,"status":"passed","message":"","name":"C:/GitHub/marketoir/src/app/dashboard/__tests__/plannerWorkspaceModel.test.ts"},{"assertionResults":[{"ancestorTitles":["POS product cache adapter"],"fullName":"POS product cache adapter migrates and verifies the legacy tenant catalogue before removing it","status":"passed","title":"migrates and verifies the legacy tenant catalogue before removing it","duration":33.692999999999984,"failureMessages":[],"meta":{},"tags":[]},{"ancestorTitles":["POS product cache adapter"],"fullName":"POS product cache adapter persists a catalogue without writing the localStorage product key","status":"passed","title":"persists a catalogue without writing the localStorage product key","duration":5.451199999999972,"failureMessages":[],"meta":{},"tags":[]},{"ancestorTitles":["POS product cache adapter"],"fullName":"POS product cache adapter does not make server sync metadata newer for a local product update","status":"passed","title":"does not make server sync metadata newer for a local product update","duration":8.973199999999906,"failureMessages":[],"meta":{},"tags":[]}],"startTime":1789042719120,"endTime":1789042719168.9731,"status":"passed","message":"","name":"C:/GitHub/marketoir/src/app/pos/__tests__/productCache.test.ts"},{"assertionResults":[{"ancestorTitles":["POS IndexedDB product cache"],"fullName":"POS IndexedDB product cache persists products and sync metadata across database reopen","status":"passed","title":"persists products and sync metadata across database reopen","duration":33.74919999999997,"failureMessages":[],"meta":{},"tags":[]},{"ancestorTitles":["POS IndexedDB product cache"],"fullName":"POS IndexedDB product cache keeps catalogues isolated by business and location","status":"passed","title":"keeps catalogues isolated by business and location","duration":7.4599000000000615,"failureMessages":[],"meta":{},"tags":[]},{"ancestorTitles":["POS IndexedDB product cache"],"fullName":"POS IndexedDB product cache atomically replaces a full catalogue while retaining the last full-sync watermark","status":"passed","title":"atomically replaces a full catalogue while retaining the last full-sync watermark","duration":7.132600000000025,"failureMessages":[],"meta":{},"tags":[]}],"startTime":1789042719041,"endTime":1789042719090.1326,"status":"passed","message":"","name":"C:/GitHub/marketoir/src/app/pos/__tests__/productDatabase.test.ts"},{"assertionResults":[{"ancestorTitles":["POS in-stock product filter"],"fullName":"POS in-stock product filter only includes products available to sell at the current location","status":"passed","title":"only includes products available to sell at the current location","duration":3.336400000000026,"failureMessages":[],"meta":{},"tags":[]},{"ancestorTitles":["POS in-stock product filter"],"fullName":"POS in-stock product filter falls back to stock on hand when availability is absent","status":"passed","title":"falls back to stock on hand when availability is absent","duration":0.4590000000000032,"failureMessages":[],"meta":{},"tags":[]}],"startTime":1789042754110,"endTime":1789042754113.459,"status":"passed","message":"","name":"C:/GitHub/marketoir/src/app/pos/__tests__/productFilters.test.ts"},{"assertionResults":[{"ancestorTitles":["createReceiptPrintGate"],"fullName":"createReceiptPrintGate allows only one print request for the lifetime of a receipt preview","status":"passed","title":"allows only one print request for the lifetime of a receipt preview","duration":4.863799999999969,"failureMessages":[],"meta":{},"tags":[]},{"ancestorTitles":["createReceiptPrintGate"],"fullName":"createReceiptPrintGate recovers when starting the print request throws","status":"passed","title":"recovers when starting the print request throws","duration":1.7557000000000471,"failureMessages":[],"meta":{},"tags":[]}],"startTime":1789042751016,"endTime":1789042751022.7556,"status":"passed","message":"","name":"C:/GitHub/marketoir/src/app/pos/__tests__/receiptPrintGuard.test.ts"},{"assertionResults":[{"ancestorTitles":["POS tenant browser storage"],"fullName":"POS tenant browser storage keeps carts and offline queues separate when the configured business changes","status":"passed","title":"keeps carts and offline queues separate when the configured business changes","duration":8.315499999999986,"failureMessages":[],"meta":{},"tags":[]},{"ancestorTitles":["POS tenant browser storage"],"fullName":"POS tenant browser storage does not block POS login when the catalogue exceeds browser storage quota","status":"passed","title":"does not block POS login when the catalogue exceeds browser storage quota","duration":2.1995000000000005,"failureMessages":[],"meta":{},"tags":[]},{"ancestorTitles":["POS tenant browser storage"],"fullName":"POS tenant browser storage uses the legacy catalogue when tenant migration exceeds browser storage quota","status":"passed","title":"uses the legacy catalogue when tenant migration exceeds browser storage quota","duration":0.6924999999999955,"failureMessages":[],"meta":{},"tags":[]},{"ancestorTitles":["POS tenant browser storage"],"fullName":"POS tenant browser storage does not block POS login when the local session cannot be cached","status":"passed","title":"does not block POS login when the local session cannot be cached","duration":0.40680000000003247,"failureMessages":[],"meta":{},"tags":[]}],"startTime":1789042743395,"endTime":1789042743407.4067,"status":"passed","message":"","name":"C:/GitHub/marketoir/src/app/pos/__tests__/storeTenantIsolation.test.ts"},{"assertionResults":[{"ancestorTitles":["createPosSyncCoordinator"],"fullName":"createPosSyncCoordinator coalesces overlapping background syncs onto one request","status":"passed","title":"coalesces overlapping background syncs onto one request","duration":6.668500000000051,"failureMessages":[],"meta":{},"tags":[]},{"ancestorTitles":["createPosSyncCoordinator"],"fullName":"createPosSyncCoordinator queues one full sync behind an active incremental sync","status":"passed","title":"queues one full sync behind an active incremental sync","duration":1.2422000000000253,"failureMessages":[],"meta":{},"tags":[]},{"ancestorTitles":["createPosSyncCoordinator"],"fullName":"createPosSyncCoordinator still runs a queued full sync when the incremental request fails","status":"passed","title":"still runs a queued full sync when the incremental request fails","duration":2.4920999999999935,"failureMessages":[],"meta":{},"tags":[]}],"startTime":1789042745561,"endTime":1789042745571.4922,"status":"passed","message":"","name":"C:/GitHub/marketoir/src/app/pos/__tests__/syncCoordinator.test.ts"},{"assertionResults":[{"ancestorTitles":["HelpMarkdown"],"fullName":"HelpMarkdown renders labelled warnings and an accessible scrollable table","status":"passed","title":"renders labelled warnings and an accessible scrollable table","duration":24.668699999999944,"failureMessages":[],"meta":{},"tags":[]},{"ancestorTitles":["HelpMarkdown"],"fullName":"HelpMarkdown renders task-list checkboxes as disabled documentation controls","status":"passed","title":"renders task-list checkboxes as disabled documentation controls","duration":5.153300000000172,"failureMessages":[],"meta":{},"tags":[]}],"startTime":1789042727381,"endTime":1789042727410.1533,"status":"passed","message":"","name":"C:/GitHub/marketoir/src/components/help/__tests__/HelpMarkdown.test.tsx"},{"assertionResults":[{"ancestorTitles":["business AI model preferences"],"fullName":"business AI model preferences uses Pro for document extraction and Flash for lower-risk functions by default","status":"passed","title":"uses Pro for document extraction and Flash for lower-risk functions by default","duration":4.440999999999917,"failureMessages":[],"meta":{},"tags":[]},{"ancestorTitles":["business AI model preferences"],"fullName":"business AI model preferences prefers a function-specific model over the legacy tenant model","status":"passed","title":"prefers a function-specific model over the legacy tenant model","duration":0.7995999999999412,"failureMessages":[],"meta":{},"tags":[]},{"ancestorTitles":["business AI model preferences"],"fullName":"business AI model preferences uses the legacy tenant model while a business has no function-specific selection","status":"passed","title":"uses the legacy tenant model while a business has no function-specific selection","duration":0.3627999999999929,"failureMessages":[],"meta":{},"tags":[]},{"ancestorTitles":["business AI model preferences"],"fullName":"business AI model preferences rejects incomplete or invalid preference payloads","status":"passed","title":"rejects incomplete or invalid preference payloads","duration":0.6337999999999511,"failureMessages":[],"meta":{},"tags":[]}],"startTime":1789042751217,"endTime":1789042751222.6338,"status":"passed","message":"","name":"C:/GitHub/marketoir/src/lib/ai/__tests__/businessModelPreferences.test.ts"},{"assertionResults":[{"ancestorTitles":["customer-service AI result normalization"],"fullName":"customer-service AI result normalization fails closed to other for malformed classifications","status":"passed","title":"fails closed to other for malformed classifications","duration":4.635299999999916,"failureMessages":[],"meta":{},"tags":[]},{"ancestorTitles":["customer-service AI result normalization"],"fullName":"customer-service AI result normalization accepts bounded customer enquiry values","status":"passed","title":"accepts bounded customer enquiry values","duration":0.6613999999999578,"failureMessages":[],"meta":{},"tags":[]},{"ancestorTitles":["customer-service AI result normalization"],"fullName":"customer-service AI result normalization classifies a later inbound message even when the classifier version is current","status":"passed","title":"classifies a later inbound message even when the classifier version is current","duration":4.861300000000028,"failureMessages":[],"meta":{},"tags":[]},{"ancestorTitles":["customer-service AI result normalization"],"fullName":"customer-service AI result normalization generates a fresh draft targeted to the latest inbound customer reply","status":"passed","title":"generates a fresh draft targeted to the latest inbound customer reply","duration":3.2924000000000433,"failureMessages":[],"meta":{},"tags":[]}],"startTime":1789042744984,"endTime":1789042744998.2925,"status":"passed","message":"","name":"C:/GitHub/marketoir/src/lib/customer-service/__tests__/aiPipeline.test.ts"},{"assertionResults":[{"ancestorTitles":["customer-service business data tools"],"fullName":"customer-service business data tools rejects unknown and disabled tools before querying","status":"passed","title":"rejects unknown and disabled tools before querying","duration":5.983099999999979,"failureMessages":[],"meta":{},"tags":[]},{"ancestorTitles":["customer-service business data tools"],"fullName":"customer-service business data tools scopes product searches to the business and caps the result limit","status":"passed","title":"scopes product searches to the business and caps the result limit","duration":2.661800000000028,"failureMessages":[],"meta":{},"tags":[]},{"ancestorTitles":["customer-service business data tools"],"fullName":"customer-service business data tools reuses live stock levels and removes internal stock fields","status":"passed","title":"reuses live stock levels and removes internal stock fields","duration":2.9500999999999635,"failureMessages":[],"meta":{},"tags":[]},{"ancestorTitles":["customer-service business data tools"],"fullName":"customer-service business data tools validates customer email arguments","status":"passed","title":"validates customer email arguments","duration":1.5593999999999824,"failureMessages":[],"meta":{},"tags":[]}],"startTime":1789042743238,"endTime":1789042743250.5593,"status":"passed","message":"","name":"C:/GitHub/marketoir/src/lib/customer-service/__tests__/businessDataTools.test.ts"},{"assertionResults":[{"ancestorTitles":["customer-service Gmail metadata"],"fullName":"customer-service Gmail metadata selects the HTTPS option from a standard unsubscribe header","status":"passed","title":"selects the HTTPS option from a standard unsubscribe header","duration":3.2584999999999127,"failureMessages":[],"meta":{},"tags":[]},{"ancestorTitles":["customer-service Gmail metadata"],"fullName":"customer-service Gmail metadata rejects non-HTTPS and malformed unsubscribe targets","status":"passed","title":"rejects non-HTTPS and malformed unsubscribe targets","duration":0.6412000000000262,"failureMessages":[],"meta":{},"tags":[]}],"startTime":1789042754223,"endTime":1789042754226.641,"status":"passed","message":"","name":"C:/GitHub/marketoir/src/lib/customer-service/__tests__/gmailClient.test.ts"},{"assertionResults":[{"ancestorTitles":["Gmail OAuth state"],"fullName":"Gmail OAuth state round-trips a signed unexpired state","status":"passed","title":"round-trips a signed unexpired state","duration":7.319999999999993,"failureMessages":[],"meta":{},"tags":[]},{"ancestorTitles":["Gmail OAuth state"],"fullName":"Gmail OAuth state rejects tampering and expiry","status":"passed","title":"rejects tampering and expiry","duration":1.2364000000000033,"failureMessages":[],"meta":{},"tags":[]}],"startTime":1789042748659,"endTime":1789042748667.2363,"status":"passed","message":"","name":"C:/GitHub/marketoir/src/lib/customer-service/__tests__/gmailOAuthState.test.ts"},{"assertionResults":[{"ancestorTitles":["customer-service learning redaction"],"fullName":"customer-service learning redaction removes common customer identifiers before evidence is stored","status":"passed","title":"removes common customer identifiers before evidence is stored","duration":3.6906000000000176,"failureMessages":[],"meta":{},"tags":[]}],"startTime":1789042754414,"endTime":1789042754417.6907,"status":"passed","message":"","name":"C:/GitHub/marketoir/src/lib/customer-service/__tests__/learning.test.ts"},{"assertionResults":[{"ancestorTitles":["customer-service learned Markdown"],"fullName":"customer-service learned Markdown replaces the managed section instead of appending duplicates","status":"passed","title":"replaces the managed section instead of appending duplicates","duration":5.892800000000079,"failureMessages":[],"meta":{},"tags":[]},{"ancestorTitles":["customer-service learned Markdown"],"fullName":"customer-service learned Markdown does not exceed the document word cap","status":"passed","title":"does not exceed the document word cap","duration":0.7536999999999807,"failureMessages":[],"meta":{},"tags":[]}],"startTime":1789042753848,"endTime":1789042753854.7537,"status":"passed","message":"","name":"C:/GitHub/marketoir/src/lib/customer-service/__tests__/learningCurator.test.ts"},{"assertionResults":[{"ancestorTitles":["customer-service learning evidence capture"],"fullName":"customer-service learning evidence capture captures unchanged sent replies as style examples","status":"passed","title":"captures unchanged sent replies as style examples","duration":5.938300000000027,"failureMessages":[],"meta":{},"tags":[]},{"ancestorTitles":["customer-service learning evidence capture"],"fullName":"customer-service learning evidence capture captures changed replies with original and final sections","status":"passed","title":"captures changed replies with original and final sections","duration":0.8171999999999571,"failureMessages":[],"meta":{},"tags":[]}],"startTime":1789042750382,"endTime":1789042750388.8171,"status":"passed","message":"","name":"C:/GitHub/marketoir/src/lib/customer-service/__tests__/learningEvidence.test.ts"},{"assertionResults":[{"ancestorTitles":["customer-service mailbox actions"],"fullName":"customer-service mailbox actions reports the tenant thread as spam and removes it from the local Inbox","status":"passed","title":"reports the tenant thread as spam and removes it from the local Inbox","duration":10.05219999999997,"failureMessages":[],"meta":{},"tags":[]}],"startTime":1789042747655,"endTime":1789042747665.0522,"status":"passed","message":"","name":"C:/GitHub/marketoir/src/lib/customer-service/__tests__/mailboxActions.test.ts"},{"assertionResults":[{"ancestorTitles":["customer-service reply sending"],"fullName":"customer-service reply sending sends one persisted provider draft and inserts the outbound history row","status":"passed","title":"sends one persisted provider draft and inserts the outbound history row","duration":9.291799999999967,"failureMessages":[],"meta":{},"tags":[]},{"ancestorTitles":["customer-service reply sending"],"fullName":"customer-service reply sending sends a forward to its explicit recipient without reply threading headers","status":"passed","title":"sends a forward to its explicit recipient without reply threading headers","duration":5.677099999999996,"failureMessages":[],"meta":{},"tags":[]},{"ancestorTitles":["customer-service reply sending"],"fullName":"customer-service reply sending starts a new Gmail conversation without reply threading headers","status":"passed","title":"starts a new Gmail conversation without reply threading headers","duration":1.522199999999998,"failureMessages":[],"meta":{},"tags":[]},{"ancestorTitles":["customer-service reply sending"],"fullName":"customer-service reply sending keeps an ambiguous provider outcome blocked for confirmation","status":"passed","title":"keeps an ambiguous provider outcome blocked for confirmation","duration":1.4939999999999145,"failureMessages":[],"meta":{},"tags":[]},{"ancestorTitles":["customer-service reply sending"],"fullName":"customer-service reply sending marks a failure before creating the provider draft as safely retryable","status":"passed","title":"marks a failure before creating the provider draft as safely retryable","duration":2.8670999999999367,"failureMessages":[],"meta":{},"tags":[]},{"ancestorTitles":["customer-service reply sending"],"fullName":"customer-service reply sending marks an explicit Gmail validation rejection as failed before delivery","status":"passed","title":"marks an explicit Gmail validation rejection as failed before delivery","duration":1.2766000000000304,"failureMessages":[],"meta":{},"tags":[]}],"startTime":1789042732474,"endTime":1789042732496.2766,"status":"passed","message":"","name":"C:/GitHub/marketoir/src/lib/customer-service/__tests__/replyActions.test.ts"},{"assertionResults":[{"ancestorTitles":["customer-service inbox repository"],"fullName":"customer-service inbox repository inlines bounded pagination instead of binding unsupported LIMIT parameters","status":"passed","title":"inlines bounded pagination instead of binding unsupported LIMIT parameters","duration":5.800200000000132,"failureMessages":[],"meta":{},"tags":[]},{"ancestorTitles":["customer-service inbox repository"],"fullName":"customer-service inbox repository falls back to safe pagination when values are not finite","status":"passed","title":"falls back to safe pagination when values are not finite","duration":1.6539000000000215,"failureMessages":[],"meta":{},"tags":[]},{"ancestorTitles":["customer-service inbox repository"],"fullName":"customer-service inbox repository excludes archived threads unless status is explicitly requested","status":"passed","title":"excludes archived threads unless status is explicitly requested","duration":0.9770000000000891,"failureMessages":[],"meta":{},"tags":[]},{"ancestorTitles":["customer-service inbox repository"],"fullName":"customer-service inbox repository orders starred threads first before date sorting","status":"passed","title":"orders starred threads first before date sorting","duration":0.7375000000001819,"failureMessages":[],"meta":{},"tags":[]},{"ancestorTitles":["customer-service inbox repository"],"fullName":"customer-service inbox repository groups unread threads first and sorts each group newest-first when enabled","status":"passed","title":"groups unread threads first and sorts each group newest-first when enabled","duration":0.6755000000000564,"failureMessages":[],"meta":{},"tags":[]},{"ancestorTitles":["customer-service inbox repository"],"fullName":"customer-service inbox repository does not add a category predicate to the default all-mail view","status":"passed","title":"does not add a category predicate to the default all-mail view","duration":0.6108999999999014,"failureMessages":[],"meta":{},"tags":[]},{"ancestorTitles":["customer-service inbox repository"],"fullName":"customer-service inbox repository returns the latest tenant Gmail refresh time independently of pagination","status":"passed","title":"returns the latest tenant Gmail refresh time independently of pagination","duration":0.838799999999992,"failureMessages":[],"meta":{},"tags":[]},{"ancestorTitles":["customer-service inbox repository"],"fullName":"customer-service inbox repository supports toggling thread star state","status":"passed","title":"supports toggling thread star state","duration":3.4120000000000346,"failureMessages":[],"meta":{},"tags":[]},{"ancestorTitles":["customer-service inbox repository"],"fullName":"customer-service inbox repository loads bounded other conversations for the same customer within the tenant","status":"passed","title":"loads bounded other conversations for the same customer within the tenant","duration":1.710399999999936,"failureMessages":[],"meta":{},"tags":[]},{"ancestorTitles":["customer-service inbox repository"],"fullName":"customer-service inbox repository creates a forward draft for a validated explicit recipient","status":"passed","title":"creates a forward draft for a validated explicit recipient","duration":4.103900000000067,"failureMessages":[],"meta":{},"tags":[]},{"ancestorTitles":["customer-service inbox repository"],"fullName":"customer-service inbox repository rejects a forward without a valid recipient before creating a draft","status":"passed","title":"rejects a forward without a valid recipient before creating a draft","duration":2.6561000000001513,"failureMessages":[],"meta":{},"tags":[]},{"ancestorTitles":["customer-service inbox repository"],"fullName":"customer-service inbox repository creates a durable new-conversation draft keyed to one compose operation","status":"passed","title":"creates a durable new-conversation draft keyed to one compose operation","duration":1.5926999999999225,"failureMessages":[],"meta":{},"tags":[]}],"startTime":1789042731418,"endTime":1789042731442.5928,"status":"passed","message":"","name":"C:/GitHub/marketoir/src/lib/customer-service/__tests__/repository.test.ts"},{"assertionResults":[{"ancestorTitles":["customer service schedule"],"fullName":"customer service schedule normalizes, sorts, and deduplicates valid local run times","status":"passed","title":"normalizes, sorts, and deduplicates valid local run times","duration":3.4511999999999716,"failureMessages":[],"meta":{},"tags":[]},{"ancestorTitles":["customer service schedule"],"fullName":"customer service schedule is due within the dispatcher window and only once","status":"passed","title":"is due within the dispatcher window and only once","duration":25.94689999999997,"failureMessages":[],"meta":{},"tags":[]},{"ancestorTitles":["customer service schedule"],"fullName":"customer service schedule does not run a stale schedule after the dispatcher window","status":"passed","title":"does not run a stale schedule after the dispatcher window","duration":0.5140999999999849,"failureMessages":[],"meta":{},"tags":[]},{"ancestorTitles":["customer service schedule"],"fullName":"customer service schedule uses the business timezone across daylight-saving changes","status":"passed","title":"uses the business timezone across daylight-saving changes","duration":0.5452000000000226,"failureMessages":[],"meta":{},"tags":[]}],"startTime":1789042723612,"endTime":1789042723642.5452,"status":"passed","message":"","name":"C:/GitHub/marketoir/src/lib/customer-service/__tests__/schedule.test.ts"},{"assertionResults":[{"ancestorTitles":["customer-service mailbox sync"],"fullName":"customer-service mailbox sync finalizes a pending send when Gmail returns its stable Message-ID","status":"passed","title":"finalizes a pending send when Gmail returns its stable Message-ID","duration":8.31110000000001,"failureMessages":[],"meta":{},"tags":[]},{"ancestorTitles":["customer-service mailbox sync"],"fullName":"customer-service mailbox sync persists standard unsubscribe metadata with synced messages","status":"passed","title":"persists standard unsubscribe metadata with synced messages","duration":2.397699999999986,"failureMessages":[],"meta":{},"tags":[]},{"ancestorTitles":["customer-service mailbox sync"],"fullName":"customer-service mailbox sync moves a confirmed new-message draft to Gmail thread and removes its pending shell","status":"passed","title":"moves a confirmed new-message draft to Gmail thread and removes its pending shell","duration":1.46550000000002,"failureMessages":[],"meta":{},"tags":[]}],"startTime":1789042744071,"endTime":1789042744083.4656,"status":"passed","message":"","name":"C:/GitHub/marketoir/src/lib/customer-service/__tests__/syncMailbox.test.ts"},{"assertionResults":[{"ancestorTitles":["getAdminSession"],"fullName":"getAdminSession returns a verified signed admin session","status":"passed","title":"returns a verified signed admin session","duration":6.6124999999999545,"failureMessages":[],"meta":{},"tags":[]},{"ancestorTitles":["getAdminSession"],"fullName":"getAdminSession rejects unsigned legacy session JSON","status":"passed","title":"rejects unsigned legacy session JSON","duration":0.7724999999999227,"failureMessages":[],"meta":{},"tags":[]},{"ancestorTitles":["getAdminSession"],"fullName":"getAdminSession rejects changes to the visible legacy payload","status":"passed","title":"rejects changes to the visible legacy payload","duration":0.9195999999999458,"failureMessages":[],"meta":{},"tags":[]}],"startTime":1789042747200,"endTime":1789042747208.9197,"status":"passed","message":"","name":"C:/GitHub/marketoir/src/lib/auth/__tests__/adminSessionReader.test.ts"},{"assertionResults":[{"ancestorTitles":["adminSessionToken"],"fullName":"adminSessionToken round-trips a valid session payload","status":"passed","title":"round-trips a valid session payload","duration":7.62439999999998,"failureMessages":[],"meta":{},"tags":[]},{"ancestorTitles":["adminSessionToken"],"fullName":"adminSessionToken exposes verified timing metadata for expiry-preserving reissue","status":"passed","title":"exposes verified timing metadata for expiry-preserving reissue","duration":1.2907999999999902,"failureMessages":[],"meta":{},"tags":[]},{"ancestorTitles":["adminSessionToken"],"fullName":"adminSessionToken rejects a session whose payload was modified without resigning","status":"passed","title":"rejects a session whose payload was modified without resigning","duration":0.8233999999999924,"failureMessages":[],"meta":{},"tags":[]},{"ancestorTitles":["adminSessionToken"],"fullName":"adminSessionToken rejects an expired session","status":"passed","title":"rejects an expired session","duration":0.7941000000000145,"failureMessages":[],"meta":{},"tags":[]},{"ancestorTitles":["adminSessionToken"],"fullName":"adminSessionToken rejects malformed and unsigned legacy cookies","status":"passed","title":"rejects malformed and unsigned legacy cookies","duration":0.6727000000000203,"failureMessages":[],"meta":{},"tags":[]},{"ancestorTitles":["adminSessionToken"],"fullName":"adminSes
[...]
[threadId]/experiments returns expected transition failures as 422","status":"passed","title":"returns expected transition failures as 422","duration":2.0633000000000266,"failureMessages":[],"meta":{},"tags":[]}],"startTime":1789042731300,"endTime":1789042731324.0632,"status":"passed","message":"","name":"C:/GitHub/marketoir/src/app/api/foresight/planning/threads/[threadId]/experiments/__tests__/route.test.ts"},{"assertionResults":[{"ancestorTitles":["/api/foresight/planning/threads/[threadId]/turn"],"fullName":"/api/foresight/planning/threads/[threadId]/turn uses session tenancy and the server-controlled model","status":"passed","title":"uses session tenancy and the server-controlled model","duration":18.754999999999995,"failureMessages":[],"meta":{},"tags":[]},{"ancestorTitles":["/api/foresight/planning/threads/[threadId]/turn"],"fullName":"/api/foresight/planning/threads/[threadId]/turn rejects invalid input and missing server configuration before the model call","status":"passed","title":"rejects invalid input and missing server configuration before the model call","duration":2.748199999999997,"failureMessages":[],"meta":{},"tags":[]}],"startTime":1789042736210,"endTime":1789042736231.7483,"status":"passed","message":"","name":"C:/GitHub/marketoir/src/app/api/foresight/planning/threads/[threadId]/turn/__tests__/route.test.ts"},{"assertionResults":[{"ancestorTitles":["order resolution settlement changes"],"fullName":"order resolution settlement changes blocks Advisor accounts before reading settlement data","status":"passed","title":"blocks Advisor accounts before reading settlement data","duration":11.154700000000048,"failureMessages":[],"meta":{},"tags":[]},{"ancestorTitles":["order resolution settlement changes"],"fullName":"order resolution settlement changes removes only the recorded successful allocation and releases its ledger row","status":"passed","title":"removes only the recorded successful allocation and releases its ledger row","duration":7.548199999999952,"failureMessages":[],"meta":{},"tags":[]},{"ancestorTitles":["order resolution settlement changes"],"fullName":"order resolution settlement changes records a new allocation action and uses the target order Xero invoice","status":"passed","title":"records a new allocation action and uses the target order Xero invoice","duration":3.535099999999943,"failureMessages":[],"meta":{},"tags":[]},{"ancestorTitles":["order resolution settlement changes"],"fullName":"order resolution settlement changes marks the durable action failed when Xero rejects a refund","status":"passed","title":"marks the durable action failed when Xero rejects a refund","duration":4.030300000000011,"failureMessages":[],"meta":{},"tags":[]}],"startTime":1789042728956,"endTime":1789042728982.0303,"status":"passed","message":"","name":"C:/GitHub/marketoir/src/app/api/ims/order-resolutions/[type]/[id]/settlement/__tests__/route.test.ts"},{"assertionResults":[{"ancestorTitles":["POST purchase-order early-payment preview"],"fullName":"POST purchase-order early-payment preview loads the tenant order and ignores request-supplied order totals","status":"passed","title":"loads the tenant order and ignores request-supplied order totals","duration":18.425200000000018,"failureMessages":[],"meta":{},"tags":[]}],"startTime":1789042736147,"endTime":1789042736165.4253,"status":"passed","message":"","name":"C:/GitHub/marketoir/src/app/api/ims/purchase-orders/[id]/payments/early-payment-preview/__tests__/route.test.ts"},{"assertionResults":[{"ancestorTitles":["POST /api/ims/money/cash-deposits/[depositId]/post"],"fullName":"POST /api/ims/money/cash-deposits/[depositId]/post posts a confirmed deposit when cash banking is enabled","status":"passed","title":"posts a confirmed deposit when cash banking is enabled","duration":15.659400000000005,"failureMessages":[],"meta":{},"tags":[]},{"ancestorTitles":["POST /api/ims/money/cash-deposits/[depositId]/post"],"fullName":"POST /api/ims/money/cash-deposits/[depositId]/post returns 423 without claiming the deposit or reporting an issue when cash banking is disabled","status":"passed","title":"returns 423 without claiming the deposit or reporting an issue when cash banking is disabled","duration":5.099300000000085,"failureMessages":[],"meta":{},"tags":[]}],"startTime":1789042733957,"endTime":1789042733978.0994,"status":"passed","message":"","name":"C:/GitHub/marketoir/src/app/api/ims/money/cash-deposits/[depositId]/post/__tests__/route.test.ts"},{"assertionResults":[{"ancestorTitles":["GET /api/ims/money/cash-deposits/[depositId]/xero"],"fullName":"GET /api/ims/money/cash-deposits/[depositId]/xero redirects with the stored destination bank transaction ID","status":"passed","title":"redirects with the stored destination bank transaction ID","duration":17.76139999999998,"failureMessages":[],"meta":{},"tags":[]},{"ancestorTitles":["GET /api/ims/money/cash-deposits/[depositId]/xero"],"fullName":"GET /api/ims/money/cash-deposits/[depositId]/xero resolves and stores the destination transaction ID for a historical deposit","status":"passed","title":"resolves and stores the destination transaction ID for a historical deposit","duration":1.6749999999999545,"failureMessages":[],"meta":{},"tags":[]},{"ancestorTitles":["GET /api/ims/money/cash-deposits/[depositId]/xero"],"fullName":"GET /api/ims/money/cash-deposits/[depositId]/xero returns 404 for a deposit outside the authenticated business","status":"passed","title":"returns 404 for a deposit outside the authenticated business","duration":4.5815000000000055,"failureMessages":[],"meta":{},"tags":[]},{"ancestorTitles":["GET /api/ims/money/cash-deposits/[depositId]/xero"],"fullName":"GET /api/ims/money/cash-deposits/[depositId]/xero returns 409 when the deposit has not been transferred","status":"passed","title":"returns 409 when the deposit has not been transferred","duration":1.3794000000000324,"failureMessages":[],"meta":{},"tags":[]},{"ancestorTitles":["GET /api/ims/money/cash-deposits/[depositId]/xero"],"fullName":"GET /api/ims/money/cash-deposits/[depositId]/xero reports a historical Xero lookup failure","status":"passed","title":"reports a historical Xero lookup failure","duration":2.5249000000000024,"failureMessages":[],"meta":{},"tags":[]}],"startTime":1789042727563,"endTime":1789042727590.525,"status":"passed","message":"","name":"C:/GitHub/marketoir/src/app/api/ims/money/cash-deposits/[depositId]/xero/__tests__/route.test.ts"},{"assertionResults":[{"ancestorTitles":["POST sales-order early-payment preview"],"fullName":"POST sales-order early-payment preview returns unavailable when the saved order has no discount snapshot","status":"passed","title":"returns unavailable when the saved order has no discount snapshot","duration":13.725400000000036,"failureMessages":[],"meta":{},"tags":[]}],"startTime":1789042741917,"endTime":1789042741930.7253,"status":"passed","message":"","name":"C:/GitHub/marketoir/src/app/api/ims/sales-orders/[id]/payments/early-payment-preview/__tests__/route.test.ts"},{"assertionResults":[{"ancestorTitles":["DELETE PO payment"],"fullName":"DELETE PO payment blocks deletion of an early-payment settlement","status":"passed","title":"blocks deletion of an early-payment settlement","duration":13.630400000000009,"failureMessages":[],"meta":{},"tags":[]}],"startTime":1789042744555,"endTime":1789042744568.6304,"status":"passed","message":"","name":"C:/GitHub/marketoir/src/app/api/ims/purchase-orders/[id]/payments/[pid]/__tests__/route.test.ts"},{"assertionResults":[{"ancestorTitles":["DELETE SO payment"],"fullName":"DELETE SO payment blocks deletion of an early-payment settlement","status":"passed","title":"blocks deletion of an early-payment settlement","duration":13.744199999999978,"failureMessages":[],"meta":{},"tags":[]}],"startTime":1789042743520,"endTime":1789042743533.7441,"status":"passed","message":"","name":"C:/GitHub/marketoir/src/app/api/ims/sales-orders/[id]/payments/[pid]/__tests__/route.test.ts"},{"assertionResults":[{"ancestorTitles":["loyalty portal code request"],"fullName":"loyalty portal code request links the Shopify customer, creates a loyalty challenge, and sends the code","status":"passed","title":"links the Shopify customer, creates a loyalty challenge, and sends the code","duration":21.834799999999973,"failureMessages":[],"meta":{},"tags":[]},{"ancestorTitles":["loyalty portal code request"],"fullName":"loyalty portal code request records a contact-link failure without exposing the email in context","status":"passed","title":"records a contact-link failure without exposing the email in context","duration":4.326099999999997,"failureMessages":[],"meta":{},"tags":[]},{"ancestorTitles":["loyalty portal code request"],"fullName":"loyalty portal code request identifies missing email delivery configuration after challenge creation","status":"passed","title":"identifies missing email delivery configuration after challenge creation","duration":2.5515000000000327,"failureMessages":[],"meta":{},"tags":[]}],"startTime":1789042726467,"endTime":1789042726495.5515,"status":"passed","message":"","name":"C:/GitHub/marketoir/src/app/api/loyalty/[slug]/auth/code/request/__tests__/route.test.ts"},{"assertionResults":[{"ancestorTitles":["POST /api/xero/reconciliation/issues/[id]/action"],"fullName":"POST /api/xero/reconciliation/issues/[id]/action retries through the policy-aware local document hook and records the actor","status":"passed","title":"retries through the policy-aware local document hook and records the actor","duration":18.073300000000017,"failureMessages":[],"meta":{},"tags":[]},{"ancestorTitles":["POST /api/xero/reconciliation/issues/[id]/action"],"fullName":"POST /api/xero/reconciliation/issues/[id]/action blocks Advisor from all accounting actions","status":"passed","title":"blocks Advisor from all accounting actions","duration":1.7586999999999762,"failureMessages":[],"meta":{},"tags":[]},{"ancestorTitles":["POST /api/xero/reconciliation/issues/[id]/action"],"fullName":"POST /api/xero/reconciliation/issues/[id]/action requires a reason before authorising","status":"passed","title":"requires a reason before authorising","duration":1.5692000000000235,"failureMessages":[],"meta":{},"tags":[]},{"ancestorTitles":["POST /api/xero/reconciliation/issues/[id]/action"],"fullName":"POST /api/xero/reconciliation/issues/[id]/action authorises only a linked lifecycle issue and records the reason","status":"passed","title":"authorises only a linked lifecycle issue and records the reason","duration":2.1743999999999915,"failureMessages":[],"meta":{},"tags":[]},{"ancestorTitles":["POST /api/xero/reconciliation/issues/[id]/action"],"fullName":"POST /api/xero/reconciliation/issues/[id]/action rejects authorise for a non-lifecycle discrepancy","status":"passed","title":"rejects authorise for a non-lifecycle discrepancy","duration":2.335399999999936,"failureMessages":[],"meta":{},"tags":[]}],"startTime":1789042730441,"endTime":1789042730467.3354,"status":"passed","message":"","name":"C:/GitHub/marketoir/src/app/api/xero/reconciliation/issues/[id]/action/__tests__/route.test.ts"},{"assertionResults":[{"ancestorTitles":["POST /api/xero/reconciliation/issues/[id]/ignore"],"fullName":"POST /api/xero/reconciliation/issues/[id]/ignore allows Admin to ignore with actor and reason","status":"passed","title":"allows Admin to ignore with actor and reason","duration":16.96410000000003,"failureMessages":[],"meta":{},"tags":[]},{"ancestorTitles":["POST /api/xero/reconciliation/issues/[id]/ignore"],"fullName":"POST /api/xero/reconciliation/issues/[id]/ignore allows SuperAdmin to ignore with actor and reason","status":"passed","title":"allows SuperAdmin to ignore with actor and reason","duration":2.0324000000000524,"failureMessages":[],"meta":{},"tags":[]},{"ancestorTitles":["POST /api/xero/reconciliation/issues/[id]/ignore"],"fullName":"POST /api/xero/reconciliation/issues/[id]/ignore allows Advisor to ignore with actor and reason","status":"passed","title":"allows Advisor to ignore with actor and reason","duration":1.6657000000000153,"failureMessages":[],"meta":{},"tags":[]},{"ancestorTitles":["POST /api/xero/reconciliation/issues/[id]/ignore"],"fullName":"POST /api/xero/reconciliation/issues/[id]/ignore rejects a blank reason as validation, not a runtime issue","status":"passed","title":"rejects a blank reason as validation, not a runtime issue","duration":2.520399999999995,"failureMessages":[],"meta":{},"tags":[]},{"ancestorTitles":["POST /api/xero/reconciliation/issues/[id]/ignore"],"fullName":"POST /api/xero/reconciliation/issues/[id]/ignore returns not found when the issue is absent or no longer open","status":"passed","title":"returns not found when the issue is absent or no longer open","duration":2.108699999999999,"failureMessages":[],"meta":{},"tags":[]},{"ancestorTitles":["POST /api/xero/reconciliation/issues/[id]/ignore"],"fullName":"POST /api/xero/reconciliation/issues/[id]/ignore blocks operational tiers before mutation","status":"passed","title":"blocks operational tiers before mutation","duration":1.2058000000000675,"failureMessages":[],"meta":{},"tags":[]}],"startTime":1789042729945,"endTime":1789042729972.2058,"status":"passed","message":"","name":"C:/GitHub/marketoir/src/app/api/xero/reconciliation/issues/[id]/ignore/__tests__/route.test.ts"},{"assertionResults":[{"ancestorTitles":["POST /api/foresight/marketing/recommendations/[id]/rollback/preflight"],"fullName":"POST /api/foresight/marketing/recommendations/[id]/rollback/preflight requires Admin tier before reading rollback readiness","status":"passed","title":"requires Admin tier before reading rollback readiness","duration":10.094700000000103,"failureMessages":[],"meta":{},"tags":[]},{"ancestorTitles":["POST /api/foresight/marketing/recommendations/[id]/rollback/preflight"],"fullName":"POST /api/foresight/marketing/recommendations/[id]/rollback/preflight derives tenant identity and validates the original execution id","status":"passed","title":"derives tenant identity and validates the original execution id","duration":6.2304000000000315,"failureMessages":[],"meta":{},"tags":[]}],"startTime":1789042738401,"endTime":1789042738418.2305,"status":"passed","message":"","name":"C:/GitHub/marketoir/src/app/api/foresight/marketing/recommendations/[id]/rollback/preflight/__tests__/route.test.ts"},{"assertionResults":[{"ancestorTitles":["wholesale member location assignments"],"fullName":"wholesale member location assignments replaces grants and default location in one audited transaction","status":"passed","title":"replaces grants and default location in one audited transaction","duration":14.962500000000091,"failureMessages":[],"meta":{},"tags":[]}],"startTime":1789042740522,"endTime":1789042740536.9624,"status":"passed","message":"","name":"C:/GitHub/marketoir/src/app/api/wholesale/account/team/[memberId]/locations/__tests__/route.test.ts"},{"assertionResults":[{"ancestorTitles":["POST /api/foresight/marketing/recommendations/[id]/meta/execute"],"fullName":"POST /api/foresight/marketing/recommendations/[id]/meta/execute requires Admin tier before any execution call","status":"passed","title":"requires Admin tier before any execution call","duration":10.981600000000071,"failureMessages":[],"meta":{},"tags":[]},{"ancestorTitles":["POST /api/foresight/marketing/recommendations/[id]/meta/execute"],"fullName":"POST /api/foresight/marketing/recommendations/[id]/meta/execute requires the exact Meta confirmation phrase","status":"passed","title":"requires the exact Meta confirmation phrase","duration":4.387400000000071,"failureMessages":[],"meta":{},"tags":[]},{"ancestorTitles":["POST /api/foresight/marketing/recommendations/[id]/meta/execute"],"fullName":"POST /api/foresight/marketing/recommendations/[id]/meta/execute derives tenant and actor from the Admin session","status":"passed","title":"derives tenant and actor from the Admin session","duration":4.090100000000007,"failureMessages":[],"meta":{},"tags":[]},{"ancestorTitles":["POST /api/foresight/marketing/recommendations/[id]/meta/execute"],"fullName":"POST /api/foresight/marketing/recommendations/[id]/meta/execute returns conflict when fresh Meta settings differ from confirmation","status":"passed","title":"returns conflict when fresh Meta settings differ from confirmation","duration":1.790200000000027,"failureMessages":[],"meta":{},"tags":[]}],"startTime":1789042735678,"endTime":1789042735699.7903,"status":"passed","message":"","name":"C:/GitHub/marketoir/src/app/api/foresight/marketing/recommendations/[id]/meta/execute/__tests__/route.test.ts"},{"assertionResults":[{"ancestorTitles":["gift-card transaction retry route"],"fullName":"gift-card transaction retry route recovers an uncertain POS debit from provider history without debiting again","status":"passed","title":"recovers an uncertain POS debit from provider history without debiting again","duration":253.57299999999998,"failureMessages":[],"meta":{},"tags":[]}],"startTime":1789042718831,"endTime":1789042719084.573,"status":"passed","message":"","name":"C:/GitHub/marketoir/src/app/api/ims/gift-cards/[id]/transactions/[transactionId]/retry/__tests__/route.test.ts"},{"assertionResults":[{"ancestorTitles":["POST Meta rollback"],"fullName":"POST Meta rollback requires the exact confirmation phrase","status":"passed","title":"requires the exact confirmation phrase","duration":12.922700000000077,"failureMessages":[],"meta":{},"tags":[]},{"ancestorTitles":["POST Meta rollback"],"fullName":"POST Meta rollback derives tenant and actor from the admin session","status":"passed","title":"derives tenant and actor from the admin session","duration":5.199799999999982,"failureMessages":[],"meta":{},"tags":[]}],"startTime":1789042736811,"endTime":1789042736829.1997,"status":"passed","message":"","name":"C:/GitHub/marketoir/src/app/api/foresight/marketing/recommendations/[id]/meta/rollback/__tests__/route.test.ts"},{"assertionResults":[{"ancestorTitles":["POST /api/foresight/marketing/recommendations/[id]/meta/preflight"],"fullName":"POST /api/foresight/marketing/recommendations/[id]/meta/preflight requires Admin tier before reading Meta settings","status":"passed","title":"requires Admin tier before reading Meta settings","duration":10.845100000000002,"failureMessages":[],"meta":{},"tags":[]},{"ancestorTitles":["POST /api/foresight/marketing/recommendations/[id]/meta/preflight"],"fullName":"POST /api/foresight/marketing/recommendations/[id]/meta/preflight derives the tenant from the Admin session","status":"passed","title":"derives the tenant from the Admin session","duration":6.93870000000004,"failureMessages":[],"meta":{},"tags":[]},{"ancestorTitles":["POST /api/foresight/marketing/recommendations/[id]/meta/preflight"],"fullName":"POST /api/foresight/marketing/recommendations/[id]/meta/preflight requires a proposal hash","status":"passed","title":"requires a proposal hash","duration":1.582899999999995,"failureMessages":[],"meta":{},"tags":[]}],"startTime":1789042739278,"endTime":1789042739297.583,"status":"passed","message":"","name":"C:/GitHub/marketoir/src/app/api/foresight/marketing/recommendations/[id]/meta/preflight/__tests__/route.test.ts"},{"assertionResults":[{"ancestorTitles":["POST Meta rollback preflight"],"fullName":"POST Meta rollback preflight requires admin tier before reading receipt state","status":"passed","title":"requires admin tier before reading receipt state","duration":10.19539999999995,"failureMessages":[],"meta":{},"tags":[]},{"ancestorTitles":["POST Meta rollback preflight"],"fullName":"POST Meta rollback preflight derives tenant identity and validates execution id","status":"passed","title":"derives tenant identity and validates execution id","duration":11.384400000000028,"failureMessages":[],"meta":{},"tags":[]}],"startTime":1789042737677,"endTime":1789042737698.3845,"status":"passed","message":"","name":"C:/GitHub/marketoir/src/app/api/foresight/marketing/recommendations/[id]/meta/rollback/preflight/__tests__/route.test.ts"}]}