{"numTotalTestSuites":1176,"numPassedTestSuites":1174,"numFailedTestSuites":2,"numPendingTestSuites":0,"numTotalTests":2634,"numPassedTests":2632,"numFailedTests":1,"numPendingTests":1,"numTodoTests":0,"snapshot":{"added":0,"failure":false,"filesAdded":0,"filesRemoved":0,"filesRemovedList":[],"filesUnmatched":0,"filesUpdated":0,"matched":0,"total":0,"unchecked":0,"uncheckedKeysByFile":[],"unmatched":0,"updated":0,"didUpdate":false},"startTime":1789043432939,"success":false,"testResults":[{"assertionResults":[{"ancestorTitles":["wholesale staff preview middleware"],"fullName":"wholesale staff preview middleware allows preview GET requests","status":"passed","title":"allows preview GET requests","duration":10.381399999999985,"failureMessages":[],"meta":{},"tags":[]},{"ancestorTitles":["wholesale staff preview middleware"],"fullName":"wholesale staff preview middleware rejects preview POST requests","status":"passed","title":"rejects preview POST requests","duration":10.390800000000013,"failureMessages":[],"meta":{},"tags":[]},{"ancestorTitles":["wholesale staff preview middleware"],"fullName":"wholesale staff preview middleware rejects preview PUT requests","status":"passed","title":"rejects preview PUT requests","duration":1.4652999999999565,"failureMessages":[],"meta":{},"tags":[]},{"ancestorTitles":["wholesale staff preview middleware"],"fullName":"wholesale staff preview middleware rejects preview PATCH requests","status":"passed","title":"rejects preview PATCH requests","duration":1.330699999999979,"failureMessages":[],"meta":{},"tags":[]},{"ancestorTitles":["wholesale staff preview middleware"],"fullName":"wholesale staff preview middleware rejects preview DELETE requests","status":"passed","title":"rejects preview DELETE requests","duration":1.8368000000000393,"failureMessages":[],"meta":{},"tags":[]},{"ancestorTitles":["wholesale staff preview middleware"],"fullName":"wholesale staff preview middleware does not block ordinary wholesale mutations","status":"passed","title":"does not block ordinary wholesale mutations","duration":1.0652000000000044,"failureMessages":[],"meta":{},"tags":[]},{"ancestorTitles":["wholesale staff preview middleware"],"fullName":"wholesale staff preview middleware still blocks writes after the IMS admin cookie disappears","status":"passed","title":"still blocks writes after the IMS admin cookie disappears","duration":1.1443000000000438,"failureMessages":[],"meta":{},"tags":[]},{"ancestorTitles":["wholesale staff preview middleware"],"fullName":"wholesale staff preview middleware allows test-mode commerce write POST /api/wholesale/orders","status":"passed","title":"allows test-mode commerce write POST /api/wholesale/orders","duration":0.9461999999999762,"failureMessages":[],"meta":{},"tags":[]},{"ancestorTitles":["wholesale staff preview middleware"],"fullName":"wholesale staff preview middleware allows test-mode commerce write PUT /api/wholesale/orders/12","status":"passed","title":"allows test-mode commerce write PUT /api/wholesale/orders/12","duration":0.7659000000001015,"failureMessages":[],"meta":{},"tags":[]},{"ancestorTitles":["wholesale staff preview middleware"],"fullName":"wholesale staff preview middleware allows test-mode commerce write DELETE /api/wholesale/orders/12","status":"passed","title":"allows test-mode commerce write DELETE /api/wholesale/orders/12","duration":1.2048000000000911,"failureMessages":[],"meta":{},"tags":[]},{"ancestorTitles":["wholesale staff preview middleware"],"fullName":"wholesale staff preview middleware allows test-mode commerce write POST /api/wholesale/orders/12/submit","status":"passed","title":"allows test-mode commerce write POST /api/wholesale/orders/12/submit","duration":0.5670000000000073,"failureMessages":[],"meta":{},"tags":[]},{"ancestorTitles":["wholesale staff preview middleware"],"fullName":"wholesale staff preview middleware allows test-mode commerce write POST /api/wholesale/account/location","status":"passed","title":"allows test-mode commerce write POST /api/wholesale/account/location","duration":0.36220000000002983,"failureMessages":[],"meta":{},"tags":[]},{"ancestorTitles":["wholesale staff preview middleware"],"fullName":"wholesale staff preview middleware blocks non-commerce test-mode write PUT /api/wholesale/account","status":"passed","title":"blocks non-commerce test-mode write PUT /api/wholesale/account","duration":0.6589999999999918,"failureMessages":[],"meta":{},"tags":[]},{"ancestorTitles":["wholesale staff preview middleware"],"fullName":"wholesale staff preview middleware blocks non-commerce test-mode write POST /api/wholesale/account/team","status":"passed","title":"blocks non-commerce test-mode write POST /api/wholesale/account/team","duration":0.6967999999999392,"failureMessages":[],"meta":{},"tags":[]},{"ancestorTitles":["wholesale staff preview middleware"],"fullName":"wholesale staff preview middleware blocks non-commerce test-mode write POST /api/wholesale/saved-lists","status":"passed","title":"blocks non-commerce test-mode write POST /api/wholesale/saved-lists","duration":0.6393000000000484,"failureMessages":[],"meta":{},"tags":[]},{"ancestorTitles":["wholesale staff preview middleware"],"fullName":"wholesale staff preview middleware blocks non-commerce test-mode write PUT /api/wholesale/saved-lists/favourites","status":"passed","title":"blocks non-commerce test-mode write PUT /api/wholesale/saved-lists/favourites","duration":0.6458999999999833,"failureMessages":[],"meta":{},"tags":[]},{"ancestorTitles":["online shop custom-domain middleware"],"fullName":"online shop custom-domain middleware treats the www host as the main Solvantis platform","status":"passed","title":"treats the www host as the main Solvantis platform","duration":1.7830999999999904,"failureMessages":[],"meta":{},"tags":[]},{"ancestorTitles":["online shop custom-domain middleware"],"fullName":"online shop custom-domain middleware rewrites a verified custom host into the existing storefront route","status":"passed","title":"rewrites a verified custom host into the existing storefront route","duration":4.5849000000000615,"failureMessages":[],"meta":{},"tags":[]},{"ancestorTitles":["online shop custom-domain middleware"],"fullName":"online shop custom-domain middleware redirects hosted storefront links back to a clean custom-domain path","status":"passed","title":"redirects hosted storefront links back to a clean custom-domain path","duration":1.556600000000003,"failureMessages":[],"meta":{},"tags":[]},{"ancestorTitles":["online shop custom-domain middleware"],"fullName":"online shop custom-domain middleware isolates an unresolved custom host from the main application","status":"passed","title":"isolates an unresolved custom host from the main application","duration":0.7734000000000378,"failureMessages":[],"meta":{},"tags":[]}],"startTime":1789043437071,"endTime":1789043437115.7734,"status":"passed","message":"","name":"C:/GitHub/marketoir/src/__tests__/middleware.test.ts"},{"assertionResults":[{"ancestorTitles":["shared scheduler sandbox isolation"],"fullName":"shared scheduler sandbox isolation src/app/api/customer-service/auto-reply/route.ts excludes automation-paused businesses","status":"passed","title":"src/app/api/customer-service/auto-reply/route.ts excludes automation-paused businesses","duration":4.980199999999968,"failureMessages":[],"meta":{},"tags":[]},{"ancestorTitles":["shared scheduler sandbox isolation"],"fullName":"shared scheduler sandbox isolation src/app/api/customer-service/sync-cron/route.ts excludes automation-paused businesses","status":"passed","title":"src/app/api/customer-service/sync-cron/route.ts excludes automation-paused businesses","duration":1.0493000000000166,"failureMessages":[],"meta":{},"tags":[]},{"ancestorTitles":["shared scheduler sandbox isolation"],"fullName":"shared scheduler sandbox isolation src/app/api/foresight/digests/cron/route.ts excludes automation-paused businesses","status":"passed","title":"src/app/api/foresight/digests/cron/route.ts excludes automation-paused businesses","duration":0.7112999999999374,"failureMessages":[],"meta":{},"tags":[]},{"ancestorTitles":["shared scheduler sandbox isolation"],"fullName":"shared scheduler sandbox isolation src/app/api/ims/online-sales/auto-sync-cron/route.ts excludes automation-paused businesses","status":"passed","title":"src/app/api/ims/online-sales/auto-sync-cron/route.ts excludes automation-paused businesses","duration":0.7368999999999915,"failureMessages":[],"meta":{},"tags":[]},{"ancestorTitles":["shared scheduler sandbox isolation"],"fullName":"shared scheduler sandbox isolation src/app/api/ims/shopify/sync-inventory/route.ts excludes automation-paused businesses","status":"passed","title":"src/app/api/ims/shopify/sync-inventory/route.ts excludes automation-paused businesses","duration":0.8643999999999323,"failureMessages":[],"meta":{},"tags":[]},{"ancestorTitles":["shared scheduler sandbox isolation"],"fullName":"shared scheduler sandbox isolation src/app/api/xero/cogs/cron/route.ts excludes automation-paused businesses","status":"passed","title":"src/app/api/xero/cogs/cron/route.ts excludes automation-paused businesses","duration":0.7023999999998978,"failureMessages":[],"meta":{},"tags":[]},{"ancestorTitles":["shared scheduler sandbox isolation"],"fullName":"shared scheduler sandbox isolation src/app/api/xero/reconciliation/cron/route.ts excludes automation-paused businesses","status":"passed","title":"src/app/api/xero/reconciliation/cron/route.ts excludes automation-paused businesses","duration":0.7219000000000051,"failureMessages":[],"meta":{},"tags":[]},{"ancestorTitles":["shared scheduler sandbox isolation"],"fullName":"shared scheduler sandbox isolation src/app/api/xero/reconciliation/digest-cron/route.ts excludes automation-paused businesses","status":"passed","title":"src/app/api/xero/reconciliation/digest-cron/route.ts excludes automation-paused businesses","duration":0.7486999999999853,"failureMessages":[],"meta":{},"tags":[]},{"ancestorTitles":["shared scheduler sandbox isolation"],"fullName":"shared scheduler sandbox isolation src/app/api/xero/shopify-payouts/catchup-cron/route.ts excludes automation-paused businesses","status":"passed","title":"src/app/api/xero/shopify-payouts/catchup-cron/route.ts excludes automation-paused businesses","duration":1.5509000000000697,"failureMessages":[],"meta":{},"tags":[]}],"startTime":1789043463198,"endTime":1789043463210.5508,"status":"passed","message":"","name":"C:/GitHub/marketoir/src/lib/__tests__/automationPauseCoverage.test.ts"},{"assertionResults":[{"ancestorTitles":["business feature registry"],"fullName":"business feature registry defaults every registered feature to disabled","status":"passed","title":"defaults every registered feature to disabled","duration":4.877100000000041,"failureMessages":[],"meta":{},"tags":[]},{"ancestorTitles":["business feature registry"],"fullName":"business feature registry recognizes only registered feature keys","status":"passed","title":"recognizes only registered feature keys","duration":0.6225999999999203,"failureMessages":[],"meta":{},"tags":[]},{"ancestorTitles":["business feature registry"],"fullName":"business feature registry keeps the initial Marketing rollout in the Foresight product","status":"passed","title":"keeps the initial Marketing rollout in the Foresight product","duration":2.6657000000000153,"failureMessages":[],"meta":{},"tags":[]}],"startTime":1789043470091,"endTime":1789043470099.6658,"status":"passed","message":"","name":"C:/GitHub/marketoir/src/lib/__tests__/businessFeatures.test.ts"},{"assertionResults":[{"ancestorTitles":["Google marketing OAuth state"],"fullName":"Google marketing OAuth state round-trips a valid tenant-bound state","status":"passed","title":"round-trips a valid tenant-bound state","duration":5.9085999999999785,"failureMessages":[],"meta":{},"tags":[]},{"ancestorTitles":["Google marketing OAuth state"],"fullName":"Google marketing OAuth state rejects tampered and expired state","status":"passed","title":"rejects tampered and expired state","duration":0.9696999999999889,"failureMessages":[],"meta":{},"tags":[]},{"ancestorTitles":["Google marketing identifiers"],"fullName":"Google marketing identifiers normalizes Ads customer IDs","status":"passed","title":"normalizes Ads customer IDs","duration":1.0165999999999258,"failureMessages":[],"meta":{},"tags":[]},{"ancestorTitles":["Google marketing identifiers"],"fullName":"Google marketing identifiers normalizes Analytics property IDs","status":"passed","title":"normalizes Analytics property IDs","duration":0.6812999999999647,"failureMessages":[],"meta":{},"tags":[]}],"startTime":1789043466559,"endTime":1789043466567.6814,"status":"passed","message":"","name":"C:/GitHub/marketoir/src/lib/__tests__/googleMarketingOAuth.test.ts"},{"assertionResults":[{"ancestorTitles":["runtime issue alerts"],"fullName":"runtime issue alerts claims and sends one pending immediate alert","status":"passed","title":"claims and sends one pending immediate alert","duration":8.550099999999986,"failureMessages":[],"meta":{},"tags":[]},{"ancestorTitles":["runtime issue alerts"],"fullName":"runtime issue alerts does nothing when another worker already claimed the alert","status":"passed","title":"does nothing when another worker already claimed the alert","duration":1.468999999999994,"failureMessages":[],"meta":{},"tags":[]},{"ancestorTitles":["runtime issue alerts"],"fullName":"runtime issue alerts restores the pending claim when email delivery fails","status":"passed","title":"restores the pending claim when email delivery fails","duration":10.294100000000014,"failureMessages":[],"meta":{},"tags":[]},{"ancestorTitles":["runtime issue alerts"],"fullName":"runtime issue alerts sends a daily digest of unresolved issues","status":"passed","title":"sends a daily digest of unresolved issues","duration":5.348599999999976,"failureMessages":[],"meta":{},"tags":[]},{"ancestorTitles":["runtime issue alerts"],"fullName":"runtime issue alerts sends a digest for findings and cases when there are no runtime issues","status":"passed","title":"sends a digest for findings and cases when there are no runtime issues","duration":1.4060999999999808,"failureMessages":[],"meta":{},"tags":[]},{"ancestorTitles":["runtime issue alerts"],"fullName":"runtime issue alerts retries bounded pending immediate alerts","status":"passed","title":"retries bounded pending immediate alerts","duration":1.0559000000000083,"failureMessages":[],"meta":{},"tags":[]}],"startTime":1789043440278,"endTime":1789043440307.056,"status":"passed","message":"","name":"C:/GitHub/marketoir/src/lib/__tests__/runtimeIssueAlerts.test.ts"},{"assertionResults":[{"ancestorTitles":["runtime issue reporting"],"fullName":"runtime issue reporting redacts nested credentials and bearer values","status":"passed","title":"redacts nested credentials and bearer values","duration":5.204900000000009,"failureMessages":[],"meta":{},"tags":[]},{"ancestorTitles":["runtime issue reporting"],"fullName":"runtime issue reporting uses a stable fingerprint across volatile numeric identifiers","status":"passed","title":"uses a stable fingerprint across volatile numeric identifiers","duration":1.9937999999999647,"failureMessages":[],"meta":{},"tags":[]},{"ancestorTitles":["runtime issue reporting"],"fullName":"runtime issue reporting keeps oversized context valid JSON","status":"passed","title":"keeps oversized context valid JSON","duration":1.6465000000000032,"failureMessages":[],"meta":{},"tags":[]},{"ancestorTitles":["runtime issue reporting"],"fullName":"runtime issue reporting upserts the issue and appends an occurrence event","status":"passed","title":"upserts the issue and appends an occurrence event","duration":7.0960999999999785,"failureMessages":[],"meta":{},"tags":[]},{"ancestorTitles":["runtime issue reporting"],"fullName":"runtime issue reporting does not throw when persistence fails","status":"passed","title":"does not throw when persistence fails","duration":3.253499999999974,"failureMessages":[],"meta":{},"tags":[]},{"ancestorTitles":["runtime issue reporting"],"fullName":"runtime issue reporting returns the persisted issue when post-commit alert delivery throws","status":"passed","title":"returns the persisted issue when post-commit alert delivery throws","duration":2.062999999999988,"failureMessages":[],"meta":{},"tags":[]}],"startTime":1789043448280,"endTime":1789043448302.063,"status":"passed","message":"","name":"C:/GitHub/marketoir/src/lib/__tests__/runtimeIssues.test.ts"},{"assertionResults":[{"ancestorTitles":["Shopify capability response"],"fullName":"Shopify capability response allows enabled businesses to continue","status":"passed","title":"allows enabled businesses to continue","duration":4.769300000000044,"failureMessages":[],"meta":{},"tags":[]},{"ancestorTitles":["Shopify capability response"],"fullName":"Shopify capability response returns the standard disabled response","status":"passed","title":"returns the standard disabled response","duration":9.996999999999957,"failureMessages":[],"meta":{},"tags":[]}],"startTime":1789043461740,"endTime":1789043461754.997,"status":"passed","message":"","name":"C:/GitHub/marketoir/src/lib/__tests__/shopifyCapability.test.ts"},{"assertionResults":[{"ancestorTitles":["resolveShopifyAdminCredentials"],"fullName":"resolveShopifyAdminCredentials passes through a legacy permanent access token","status":"passed","title":"passes through a legacy permanent access token","duration":7.570400000000063,"failureMessages":[],"meta":{},"tags":[]},{"ancestorTitles":["resolveShopifyAdminCredentials"],"fullName":"resolveShopifyAdminCredentials reuses a client-credentials token that remains valid beyond the renewal margin","status":"passed","title":"reuses a client-credentials token that remains valid beyond the renewal margin","duration":1.0516999999999825,"failureMessages":[],"meta":{},"tags":[]},{"ancestorTitles":["resolveShopifyAdminCredentials"],"fullName":"resolveShopifyAdminCredentials renews and persists an expired client-credentials token","status":"passed","title":"renews and persists an expired client-credentials token","duration":14.09219999999982,"failureMessages":[],"meta":{},"tags":[]}],"startTime":1789043462989,"endTime":1789043463012.0923,"status":"passed","message":"","name":"C:/GitHub/marketoir/src/lib/__tests__/shopifyCredentials.test.ts"},{"assertionResults":[{"ancestorTitles":["parseShopifyRefund"],"fullName":"parseShopifyRefund uses successful refund transactions as the authoritative amount","status":"passed","title":"uses successful refund transactions as the authoritative amount","duration":4.129700000000014,"failureMessages":[],"meta":{},"tags":[]},{"ancestorTitles":["parseShopifyRefund"],"fullName":"parseShopifyRefund treats itemised subtotals as tax-inclusive when Shopify omits refund transactions","status":"passed","title":"treats itemised subtotals as tax-inclusive when Shopify omits refund transactions","duration":0.7852000000000317,"failureMessages":[],"meta":{},"tags":[]},{"ancestorTitles":["parseShopifyRefund"],"fullName":"parseShopifyRefund extracts GST from a shipping-only refund adjustment","status":"passed","title":"extracts GST from a shipping-only refund adjustment","duration":0.977800000000002,"failureMessages":[],"meta":{},"tags":[]}],"startTime":1789043469713,"endTime":1789043469718.9778,"status":"passed","message":"","name":"C:/GitHub/marketoir/src/lib/__tests__/shopifyRefund.test.ts"},{"assertionResults":[{"ancestorTitles":["IMS pool — session time_zone pinning"],"fullName":"IMS pool — session time_zone pinning creates the pool with client-side UTC serialisation (timezone: \"Z\")","status":"passed","title":"creates the pool with client-side UTC serialisation (timezone: \"Z\")","duration":371.31160000000006,"failureMessages":[],"meta":{},"tags":[]},{"ancestorTitles":["IMS pool — session time_zone pinning"],"fullName":"IMS pool — session time_zone pinning pins every new pooled connection's session time_zone to UTC","status":"passed","title":"pins every new pooled connection's session time_zone to UTC","duration":4.641200000000026,"failureMessages":[],"meta":{},"tags":[]},{"ancestorTitles":["Main pool — session time_zone pinning"],"fullName":"Main pool — session time_zone pinning pins every new pooled connection's session time_zone to UTC","status":"passed","title":"pins every new pooled connection's session time_zone to UTC","duration":206.0238999999999,"failureMessages":[],"meta":{},"tags":[]}],"startTime":1789043433911,"endTime":1789043434494.024,"status":"passed","message":"","name":"C:/GitHub/marketoir/src/services/__tests__/dbSessionTimezone.test.ts"},{"assertionResults":[{"ancestorTitles":["GoogleAdsService controlled budget execution"],"fullName":"GoogleAdsService controlled budget execution submits only exact campaign-budget updates atomically","status":"passed","title":"submits only exact campaign-budget updates atomically","duration":8.041000000000054,"failureMessages":[],"meta":{},"tags":[]},{"ancestorTitles":["GoogleAdsService controlled budget execution"],"fullName":"GoogleAdsService controlled budget execution rejects invalid or duplicate budget IDs before calling Google","status":"passed","title":"rejects invalid or duplicate budget IDs before calling Google","duration":3.5108000000000175,"failureMessages":[],"meta":{},"tags":[]}],"startTime":1789043462916,"endTime":1789043462927.5107,"status":"passed","message":"","name":"C:/GitHub/marketoir/src/services/__tests__/GoogleAdsService.execution.test.ts"},{"assertionResults":[{"ancestorTitles":["KlaviyoService"],"fullName":"KlaviyoService follows collection pagination and normalizes campaign records","status":"passed","title":"follows collection pagination and normalizes campaign records","duration":38.927299999999946,"failureMessages":[],"meta":{},"tags":[]},{"ancestorTitles":["KlaviyoService"],"fullName":"KlaviyoService sends the configured API revision and does not expose the key in the URL","status":"passed","title":"sends the configured API revision and does not expose the key in the URL","duration":1.8394000000000688,"failureMessages":[],"meta":{},"tags":[]},{"ancestorTitles":["KlaviyoService"],"fullName":"KlaviyoService retries rate-limited requests using Retry-After","status":"passed","title":"retries rate-limited requests using Retry-After","duration":1.8192000000000235,"failureMessages":[],"meta":{},"tags":[]},{"ancestorTitles":["KlaviyoService"],"fullName":"KlaviyoService surfaces structured API errors after bounded retries","status":"passed","title":"surfaces structured API errors after bounded retries","duration":2.480000000000018,"failureMessages":[],"meta":{},"tags":[]}],"startTime":1789043437242,"endTime":1789043437287.48,"status":"passed","message":"","name":"C:/GitHub/marketoir/src/services/__tests__/KlaviyoService.test.ts"},{"assertionResults":[{"ancestorTitles":["MetaAdsReadService"],"fullName":"MetaAdsReadService creates, reads back, and cancels an exact tenant-bound campaign split test","status":"passed","title":"creates, reads back, and cancels an exact tenant-bound campaign split test","duration":23.581800000000044,"failureMessages":[],"meta":{},"tags":[]},{"ancestorTitles":["MetaAdsReadService"],"fullName":"MetaAdsReadService finds an existing exact split test without creating another one","status":"passed","title":"finds an existing exact split test without creating another one","duration":1.3677999999999884,"failureMessages":[],"meta":{},"tags":[]},{"ancestorTitles":["MetaAdsReadService"],"fullName":"MetaAdsReadService rejects invalid split-test input before submitting a Meta mutation","status":"passed","title":"rejects invalid split-test input before submitting a Meta mutation","duration":2.999900000000025,"failureMessages":[],"meta":{},"tags":[]},{"ancestorTitles":["MetaAdsReadService"],"fullName":"MetaAdsReadService resolves the owning Business Manager through the tenant API","status":"passed","title":"resolves the owning Business Manager through the tenant API","duration":1.4198999999999842,"failureMessages":[],"meta":{},"tags":[]},{"ancestorTitles":["MetaAdsReadService"],"fullName":"MetaAdsReadService reads and updates exact campaign statuses through the tenant API","status":"passed","title":"reads and updates exact campaign statuses through the tenant API","duration":3.4220000000000255,"failureMessages":[],"meta":{},"tags":[]},{"ancestorTitles":["MetaAdsReadService"],"fullName":"MetaAdsReadService rejects duplicate campaign status mutations before submitting them","status":"passed","title":"rejects duplicate campaign status mutations before submitting them","duration":2.4125000000000227,"failureMessages":[],"meta":{},"tags":[]},{"ancestorTitles":["MetaAdsReadService"],"fullName":"MetaAdsReadService lists bounded campaign identities through the tenant API without mutation","status":"passed","title":"lists bounded campaign identities through the tenant API without mutation","duration":1.7819000000000642,"failureMessages":[],"meta":{},"tags":[]},{"ancestorTitles":["MetaAdsReadService"],"fullName":"MetaAdsReadService uses explicit tenant API instances and reads ad-set parent campaign settings","status":"passed","title":"uses explicit tenant API instances and reads ad-set parent campaign settings","duration":2.756999999999948,"failureMessages":[],"meta":{},"tags":[]},{"ancestorTitles":["MetaAdsReadService"],"fullName":"MetaAdsReadService rejects malformed account IDs before creating an SDK request","status":"passed","title":"rejects malformed account IDs before creating an SDK request","duration":2.4560000000000173,"failureMessages":[],"meta":{},"tags":[]},{"ancestorTitles":["MetaAdsReadService"],"fullName":"MetaAdsReadService updates explicit campaign and ad-set daily budgets through the tenant API","status":"passed","title":"updates explicit campaign and ad-set daily budgets through the tenant API","duration":1.7355999999999767,"failureMessages":[],"meta":{},"tags":[]},{"ancestorTitles":["MetaAdsReadService"],"fullName":"MetaAdsReadService rejects invalid daily budgets before submitting a Meta mutation","status":"passed","title":"rejects invalid daily budgets before submitting a Meta mutation","duration":1.3203999999999496,"failureMessages":[],"meta":{},"tags":[]}],"startTime":1789043437406,"endTime":1789043437451.3203,"status":"passed","message":"","name":"C:/GitHub/marketoir/src/services/__tests__/MetaAdsReadService.test.ts"},{"assertionResults":[{"ancestorTitles":["MetaOAuthService"],"fullName":"MetaOAuthService builds a read-only tenant consent URL","status":"passed","title":"builds a read-only tenant consent URL","duration":3.9306000000000267,"failureMessages":[],"meta":{},"tags":[]},{"ancestorTitles":["MetaOAuthService"],"fullName":"MetaOAuthService paginates and deduplicates accounts without putting the token in a URL","status":"passed","title":"paginates and deduplicates accounts without putting the token in a URL","duration":45.30940000000004,"failureMessages":[],"meta":{},"tags":[]}],"startTime":1789043435580,"endTime":1789043435629.3093,"status":"passed","message":"","name":"C:/GitHub/marketoir/src/services/__tests__/MetaOAuthService.test.ts"},{"assertionResults":[{"ancestorTitles":["ShopifyService gift-card transactions"],"fullName":"ShopifyService gift-card transactions paginates and normalizes transaction history","status":"passed","title":"paginates and normalizes transaction history","duration":48.41840000000002,"failureMessages":[],"meta":{},"tags":[]},{"ancestorTitles":["ShopifyService gift-card transactions"],"fullName":"ShopifyService gift-card transactions creates a debit with the documented input and returns its provider identity","status":"passed","title":"creates a debit with the documented input and returns its provider identity","duration":3.0130000000000337,"failureMessages":[],"meta":{},"tags":[]},{"ancestorTitles":["ShopifyService gift-card transactions"],"fullName":"ShopifyService gift-card transactions surfaces Shopify transaction user errors","status":"passed","title":"surfaces Shopify transaction user errors","duration":2.5703000000000884,"failureMessages":[],"meta":{},"tags":[]}],"startTime":1789043441949,"endTime":1789043442002.5703,"status":"passed","message":"","name":"C:/GitHub/marketoir/src/services/__tests__/ShopifyService.giftCards.test.ts"},{"assertionResults":[{"ancestorTitles":["ShopifyService loyalty discounts"],"fullName":"ShopifyService loyalty discounts creates a fixed-value single-use code restricted to the exact Shopify customer","status":"passed","title":"creates a fixed-value single-use code restricted to the exact Shopify customer","duration":32.142999999999915,"failureMessages":[],"meta":{},"tags":[]},{"ancestorTitles":["ShopifyService loyalty discounts"],"fullName":"ShopifyService loyalty discounts sets loyalty metafields on the exact Shopify customer GID","status":"passed","title":"sets loyalty metafields on the exact Shopify customer GID","duration":0.9921000000000504,"failureMessages":[],"meta":{},"tags":[]}],"startTime":1789043437842,"endTime":1789043437875.9922,"status":"passed","message":"","name":"C:/GitHub/marketoir/src/services/__tests__/ShopifyService.loyaltyDiscount.test.ts"},{"assertionResults":[{"ancestorTitles":["ShopifyService product pagination"],"fullName":"ShopifyService product pagination requests active products and returns Shopify cursor parameters","status":"passed","title":"requests active products and returns Shopify cursor parameters","duration":8.593899999999962,"failureMessages":[],"meta":{},"tags":[]},{"ancestorTitles":["ShopifyService product pagination"],"fullName":"ShopifyService product pagination uses the opaque cursor and stops only when Shopify omits the next cursor","status":"passed","title":"uses the opaque cursor and stops only when Shopify omits the next cursor","duration":1.2514999999999645,"failureMessages":[],"meta":{},"tags":[]}],"startTime":1789043463586,"endTime":1789043463596.2515,"status":"passed","message":"","name":"C:/GitHub/marketoir/src/services/__tests__/ShopifyService.products.test.ts"},{"assertionResults":[{"ancestorTitles":["postCogsPeriod"],"fullName":"postCogsPeriod claims and posts an original period once","status":"passed","title":"claims and posts an original period once","duration":8.913099999999986,"failureMessages":[],"meta":{},"tags":[]},{"ancestorTitles":["postCogsPeriod"],"fullName":"postCogsPeriod posts only the variance as an adjustment","status":"passed","title":"posts only the variance as an adjustment","duration":1.2962999999999738,"failureMessages":[],"meta":{},"tags":[]},{"ancestorTitles":["postCogsPeriod"],"fullName":"postCogsPeriod blocks uncosted movements without an override reason","status":"passed","title":"blocks uncosted movements without an override reason","duration":1.0634999999999764,"failureMessages":[],"meta":{},"tags":[]},{"ancestorTitles":["postCogsPeriod"],"fullName":"postCogsPeriod does not post when the cumulative amount is current","status":"passed","title":"does not post when the cumulative amount is current","duration":0.7245000000000346,"failureMessages":[],"meta":{},"tags":[]},{"ancestorTitles":["postCogsPeriod"],"fullName":"postCogsPeriod marks timeouts unknown so they are not blindly retried","status":"passed","title":"marks timeouts unknown so they are not blindly retried","duration":1.0608000000000857,"failureMessages":[],"meta":{},"tags":[]}],"startTime":1789043461455,"endTime":1789043461468.0608,"status":"passed","message":"","name":"C:/GitHub/marketoir/src/services/__tests__/XeroCogsService.test.ts"},{"assertionResults":[{"ancestorTitles":["xeroApiFetch"],"fullName":"xeroApiFetch sends the stable idempotency key to Xero","status":"passed","title":"sends the stable idempotency key to Xero","duration":13.020099999999957,"failureMessages":[],"meta":{},"tags":[]},{"ancestorTitles":["xeroApiFetch"],"fullName":"xeroApiFetch blocks writes before loading credentials or calling Xero when posting is paused","status":"passed","title":"blocks writes before loading credentials or calling Xero when posting is paused","duration":2.406600000000026,"failureMessages":[],"meta":{},"tags":[]},{"ancestorTitles":["xeroApiFetch"],"fullName":"xeroApiFetch allows read-only Xero requests while posting is paused","status":"passed","title":"allows read-only Xero requests while posting is paused","duration":1.025299999999902,"failureMessages":[],"meta":{},"tags":[]},{"ancestorTitles":["xeroApiFetch"],"fullName":"xeroApiFetch blocks reads before loading credentials when Xero accounting is disabled","status":"passed","title":"blocks reads before loading credentials when Xero accounting is disabled","duration":2.210199999999986,"failureMessages":[],"meta":{},"tags":[]},{"ancestorTitles":["xeroApiFetch"],"fullName":"xeroApiFetch starts a first-time Xero connection with posting paused","status":"passed","title":"starts a first-time Xero connection with posting paused","duration":1.076400000000035,"failureMessages":[],"meta":{},"tags":[]},{"ancestorTitles":["xeroApiFetch"],"fullName":"xeroApiFetch does not persist first-time credentials when the paused policy cannot be established","status":"passed","title":"does not persist first-time credentials when the paused policy cannot be established","duration":0.8455000000000155,"failureMessages":[],"meta":{},"tags":[]},{"ancestorTitles":["xeroApiFetch"],"fullName":"xeroApiFetch does not replace policy when reconnecting an existing Xero tenant","status":"passed","title":"does not replace policy when reconnecting an existing Xero tenant","duration":0.5435999999999694,"failureMessages":[],"meta":{},"tags":[]}],"startTime":1789043450128,"endTime":1789043450149.5437,"status":"passed","message":"","name":"C:/GitHub/marketoir/src/services/__tests__/XeroService.test.ts"},{"assertionResults":[{"ancestorTitles":["Xero payment and receipt-journal actions"],"fullName":"Xero payment and receipt-journal actions preflights AmountDue and posts a replay-safe PO payment","status":"passed","title":"preflights AmountDue and posts a replay-safe PO payment","duration":12.063999999999965,"failureMessages":[],"meta":{},"tags":[]},{"ancestorTitles":["Xero payment and receipt-journal actions"],"fullName":"Xero payment and receipt-journal actions rejects an SO payment above the live amount due before POST","status":"passed","title":"rejects an SO payment above the live amount due before POST","duration":3.7334999999999354,"failureMessages":[],"meta":{},"tags":[]},{"ancestorTitles":["Xero payment and receipt-journal actions"],"fullName":"Xero payment and receipt-journal actions holds an ambiguous payment outcome for reconciliation","status":"passed","title":"holds an ambiguous payment outcome for reconciliation","duration":1.4621000000000777,"failureMessages":[],"meta":{},"tags":[]},{"ancestorTitles":["Xero payment and receipt-journal actions"],"fullName":"Xero payment and receipt-journal actions posts a signed and idempotent Inventory in Transit transfer journal","status":"passed","title":"posts a signed and idempotent Inventory in Transit transfer journal","duration":1.9003999999999905,"failureMessages":[],"meta":{},"tags":[]}],"startTime":1789043457405,"endTime":1789043457423.9004,"status":"passed","message":"","name":"C:/GitHub/marketoir/src/services/__tests__/XeroSyncService.accountingActions.test.ts"},{"assertionResults":[{"ancestorTitles":[],"fullName":"preserves four-decimal unit precision when approving a bill","status":"passed","title":"preserves four-decimal unit precision when approving a bill","duration":22.805499999999938,"failureMessages":[],"meta":{},"tags":[]},{"ancestorTitles":["credit-note edit helpers"],"fullName":"credit-note edit helpers loads live credit-note settlement state and organisation lock dates","status":"passed","title":"loads live credit-note settlement state and organisation lock dates","duration":3.4190000000000964,"failureMessages":[],"meta":{},"tags":[]},{"ancestorTitles":["credit-note edit helpers"],"fullName":"credit-note edit helpers updates only a linked Xero Draft customer credit note at four-decimal precision","status":"passed","title":"updates only a linked Xero Draft customer credit note at four-decimal precision","duration":19.051500000000033,"failureMessages":[],"meta":{},"tags":[]},{"ancestorTitles":["credit-note edit helpers"],"fullName":"credit-note edit helpers maps a no-tax customer credit note to Xero NONE","status":"passed","title":"maps a no-tax customer credit note to Xero NONE","duration":2.152699999999868,"failureMessages":[],"meta":{},"tags":[]},{"ancestorTitles":["Deferred liability lifecycle sync helpers"],"fullName":"Deferred liability lifecycle sync helpers skips gift card issue invoices when gift card accounting is disabled","status":"passed","title":"skips gift card issue invoices when gift card accounting is disabled","duration":3.1160999999999603,"failureMessages":[],"meta":{},"tags":[]},{"ancestorTitles":["Deferred liability lifecycle sync helpers"],"fullName":"Deferred liability lifecycle sync helpers skips store credit journals when store credit accounting is disabled","status":"passed","title":"skips store credit journals when store credit accounting is disabled","duration":1.0436999999999443,"failureMessages":[],"meta":{},"tags":[]},{"ancestorTitles":["Deferred liability lifecycle sync helpers"],"fullName":"Deferred liability lifecycle sync helpers skips gift card reversal journals when master posting is paused","status":"passed","title":"skips gift card reversal journals when master posting is paused","duration":0.8189000000002125,"failureMessages":[],"meta":{},"tags":[]},{"ancestorTitles":["Deferred liability lifecycle sync helpers"],"fullName":"Deferred liability lifecycle sync helpers posts gift card redemption as DR liability / CR sales revenue journal","status":"passed","title":"posts gift card redemption as DR liability / CR sales revenue journal","duration":1,"failureMessages":[],"meta":{},"tags":[]},{"ancestorTitles":["Deferred liability lifecycle sync helpers"],"fullName":"Deferred liability lifecycle sync helpers skips store credit issue when liability mapping is missing and logs skipped event","status":"passed","title":"skips store credit issue when liability mapping is missing and logs skipped event","duration":0.761299999999892,"failureMessages":[],"meta":{},"tags":[]},{"ancestorTitles":["Deferred liability lifecycle sync helpers"],"fullName":"Deferred liability lifecycle sync helpers returns null without posting when successful dedupe key already exists","status":"passed","title":"returns null without posting when successful dedupe key already exists","duration":3.8330000000000837,"failureMessages":[],"meta":{},"tags":[]},{"ancestorTitles":["Deferred liability lifecycle sync helpers"],"fullName":"Deferred liability lifecycle sync helpers posts the counter-journal when the original redemption succeeded","status":"passed","title":"posts the counter-journal when the original redemption succeeded","duration":1.7282999999999902,"failureMessages":[],"meta":{},"tags":[]},{"ancestorTitles":["Deferred liability lifecycle sync helpers"],"fullName":"Deferred liability lifecycle sync helpers records a skipped reversal when the original redemption never posted","status":"passed","title":"records a skipped reversal when the original redemption never posted","duration":0.8465000000001055,"failureMessages":[],"meta":{},"tags":[]},{"ancestorTitles":["PO bill sync"],"fullName":"PO bill sync folds line discounts into unit amounts for ACCPAY bills","status":"passed","title":"folds line discounts into unit amounts for ACCPAY bills","duration":17.310400000000072,"failureMessages":[],"meta":{},"tags":[]},{"ancestorTitles":["PO bill sync"],"fullName":"PO bill sync derives four-decimal unit amount from the authoritative PO line total","status":"passed","title":"derives four-decimal unit amount from the authoritative PO line total","duration":2.2776000000001204,"failureMessages":[],"meta":{},"tags":[]},{"ancestorTitles":["PO bill sync"],"fullName":"PO bill sync does not add Xero GST to an untaxed PO line under an exclusive header","status":"passed","title":"does not add Xero GST to an untaxed PO line under an exclusive header","duration":8.38760000000002,"failureMessages":[],"meta":{},"tags":[]},{"ancestorTitles":["PO bill sync"],"fullName":"PO bill sync adds a non-taxable account adjustment for a small printed-line subtotal difference","status":"passed","title":"adds a non-taxable account adjustment for a small printed-line subtotal difference","duration":1.9440999999999349,"failureMessages":[],"meta":{},"tags":[]},{"ancestorTitles":["PO bill sync"],"fullName":"PO bill sync uses the PO order date when no supplier invoice date is saved","status":"passed","title":"uses the PO order date when no supplier invoice date is saved","duration":1.9046999999998206,"failureMessages":[],"meta":{},"tags":[]},{"ancestorTitles":["PO bill sync"],"fullName":"PO bill sync uploads a stored supplier invoice to the linked Xero bill","status":"passed","title":"uploads a stored supplier invoice to the linked Xero bill","duration":73.68610000000012,"failureMessages":[],"meta":{},"tags":[]},{"ancestorTitles":["PO bill sync"],"fullName":"PO bill sync returns a warning when Xero rejects an attachment","status":"passed","title":"returns a warning when Xero rejects an attachment","duration":11.769300000000158,"failureMessages":[],"meta":{},"tags":[]},{"ancestorTitles":["PO bill sync"],"fullName":"PO bill sync does not fail the parent PO sync when Xero attachment authentication fails","status":"passed","title":"does not fail the parent PO sync when Xero attachment authentication fails","duration":1.6124999999999545,"failureMessages":[],"meta":{},"tags":[]}],"startTime":1789043434779,"endTime":1789043434960.6125,"status":"passed","message":"","name":"C:/GitHub/marketoir/src/services/__tests__/XeroSyncService.deferred.test.ts"},{"assertionResults":[{"ancestorTitles":["triggerEodXeroSync clearing payments"],"fullName":"triggerEodXeroSync clearing payments blocks all EOD posting when the location revenue account is not mapped","status":"passed","title":"blocks all EOD posting when the location revenue account is not mapped","duration":6.489400000000046,"failureMessages":[],"meta":{},"tags":[]},{"ancestorTitles":["triggerEodXeroSync clearing payments"],"fullName":"triggerEodXeroSync clearing payments blocks only the method with no location clearing mapping before creating an invoice","status":"passed","title":"blocks only the method with no location clearing mapping before creating an invoice","duration":0.8399000000000001,"failureMessages":[],"meta":{},"tags":[]},{"ancestorTitles":["triggerEodXeroSync clearing payments"],"fullName":"triggerEodXeroSync clearing payments skips every POS batch action when invoice sync is disabled","status":"passed","title":"skips every POS batch action when invoice sync is disabled","duration":0.5542000000000371,"failureMessages":[],"meta":{},"tags":[]},{"ancestorTitles":["triggerEodXeroSync clearing payments"],"fullName":"triggerEodXeroSync clearing payments completes a zero-sales cash plan without posting an invoice or payment","status":"passed","title":"completes a zero-sales cash plan without posting an invoice or payment","duration":2.7309999999999945,"failureMessages":[],"meta":{},"tags":[]},{"ancestorTitles":["triggerEodXeroSync clearing payments"],"fullName":"triggerEodXeroSync clearing payments creates an invoice without payment or variance when POS payment sync is disabled","status":"passed","title":"creates an invoice without payment or variance when POS payment sync is disabled","duration":1.1323999999999614,"failureMessages":[],"meta":{},"tags":[]},{"ancestorTitles":["triggerEodXeroSync clearing payments"],"fullName":"triggerEodXeroSync clearing payments posts location revenue with location tracking, persists the invoice, then pays the clearing account","status":"passed","title":"posts location revenue with location tracking, persists the invoice, then pays the clearing account","duration":1.157700000000034,"failureMessages":[],"meta":{},"tags":[]},{"ancestorTitles":["triggerEodXeroSync clearing payments"],"fullName":"triggerEodXeroSync clearing payments posts calculated card fees from the location clearing account after payment","status":"passed","title":"posts calculated card fees from the location clearing account after payment","duration":1.8451000000000022,"failureMessages":[],"meta":{},"tags":[]},{"ancestorTitles":["triggerEodXeroSync clearing payments"],"fullName":"triggerEodXeroSync clearing payments retries only the payment when a new-flow invoice already exists","status":"passed","title":"retries only the payment when a new-flow invoice already exists","duration":1.0570000000000164,"failureMessages":[],"meta":{},"tags":[]},{"ancestorTitles":["triggerEodXeroSync clearing payments"],"fullName":"triggerEodXeroSync clearing payments keeps the invoice and records a retryable error when payment creation fails","status":"passed","title":"keeps the invoice and records a retryable error when payment creation fails","duration":15.027799999999957,"failureMessages":[],"meta":{},"tags":[]},{"ancestorTitles":["triggerEodXeroSync clearing payments"],"fullName":"triggerEodXeroSync clearing payments invoices expected cash sales then posts a till overage separately","status":"passed","title":"invoices expected cash sales then posts a till overage separately","duration":3.826599999999985,"failureMessages":[],"meta":{},"tags":[]},{"ancestorTitles":["triggerEodXeroSync clearing payments"],"fullName":"triggerEodXeroSync clearing payments keeps gross cash sales on the invoice and posts petty cash as a separate expense","status":"passed","title":"keeps gross cash sales on the invoice and posts petty cash as a separate expense","duration":1.8759999999999764,"failureMessages":[],"meta":{},"tags":[]},{"ancestorTitles":["triggerEodXeroSync clearing payments"],"fullName":"triggerEodXeroSync clearing payments retries only an unfinished till variance after the cash payment completed","status":"passed","title":"retries only an unfinished till variance after the cash payment completed","duration":1.377999999999929,"failureMessages":[],"meta":{},"tags":[]}],"startTime":1789043436016,"endTime":1789043436054.378,"status":"passed","message":"","name":"C:/GitHub/marketoir/src/services/__tests__/XeroSyncService.eod.test.ts"},{"assertionResults":[{"ancestorTitles":["syncDailySalesBatch online payout state"],"fullName":"syncDailySalesBatch online payout state persists the combined invoice before applying immediate gateway payments","status":"passed","title":"persists the combined invoice before applying immediate gateway payments","duration":10.430499999999938,"failureMessages":[],"meta":{},"tags":[]},{"ancestorTitles":["syncDailySalesBatch online payout state"],"fullName":"syncDailySalesBatch online payout state does not repost an order payment already owned or completed by another run","status":"passed","title":"does not repost an order payment already owned or completed by another run","duration":1.427599999999984,"failureMessages":[],"meta":{},"tags":[]},{"ancestorTitles":["syncDailySalesBatch online payout state"],"fullName":"syncDailySalesBatch online payout state posts a separate durable fee spend after the gross order payment","status":"passed","title":"posts a separate durable fee spend after the gross order payment","duration":1.4909999999999854,"failureMessages":[],"meta":{},"tags":[]},{"ancestorTitles":["syncDailySalesBatch online payout state"],"fullName":"syncDailySalesBatch online payout state retries a failed fee without reposting its completed gross payment","status":"passed","title":"retries a failed fee without reposting its completed gross payment","duration":1.2682000000000926,"failureMessages":[],"meta":{},"tags":[]},{"ancestorTitles":["syncDailySalesBatch online payout state"],"fullName":"syncDailySalesBatch online payout state refreshes an unpaid existing canonical invoice when late orders increase the completed-day total","status":"passed","title":"refreshes an unpaid existing canonical invoice when late orders increase the completed-day total","duration":1.800799999999981,"failureMessages":[],"meta":{},"tags":[]},{"ancestorTitles":["syncDailySalesBatch online payout state"],"fullName":"syncDailySalesBatch online payout state replaces a voided canonical invoice without reusing its Xero ID","status":"passed","title":"replaces a voided canonical invoice without reusing its Xero ID","duration":0.9048000000000229,"failureMessages":[],"meta":{},"tags":[]},{"ancestorTitles":["syncDailySalesBatch online payout state"],"fullName":"syncDailySalesBatch online payout state reuses the existing invoice while retrying an idempotent clearing payment","status":"passed","title":"reuses the existing invoice while retrying an idempotent clearing payment","duration":3.747100000000046,"failureMessages":[],"meta":{},"tags":[]},{"ancestorTitles":["syncDailySalesBatch online payout state"],"fullName":"syncDailySalesBatch online payout state does not post while another request owns a fresh claim","status":"passed","title":"does not post while another request owns a fresh claim","duration":1.356899999999996,"failureMessages":[],"meta":{},"tags":[]},{"ancestorTitles":["syncDailySalesBatch online payout state"],"fullName":"syncDailySalesBatch online payout state backfills a historical successful batch instead of reposting it","status":"passed","title":"backfills a historical successful batch instead of reposting it","duration":1.125599999999963,"failureMessages":[],"meta":{},"tags":[]}],"startTime":1789043448779,"endTime":1789043448803.1255,"status":"passed","message":"","name":"C:/GitHub/marketoir/src/services/__tests__/XeroSyncService.onlineBatch.test.ts"},{"assertionResults":[{"ancestorTitles":["stocktake Xero journals"],"fullName":"stocktake Xero journals values the original journal from applied delta and captured cost, not count-start variance","status":"passed","title":"values the original journal from applied delta and captured cost, not count-start variance","duration":8.9923,"failureMessages":[],"meta":{},"tags":[]},{"ancestorTitles":["stocktake Xero journals"],"fullName":"stocktake Xero journals posts the exact opposite linked journal for a confirmed original","status":"passed","title":"posts the exact opposite linked journal for a confirmed original","duration":5.583599999999933,"failureMessages":[],"meta":{},"tags":[]},{"ancestorTitles":["stocktake Xero journals"],"fullName":"stocktake Xero journals blocks a reversing journal when the original posting is not confirmed","status":"passed","title":"blocks a reversing journal when the original posting is not confirmed","duration":3.312999999999988,"failureMessages":[],"meta":{},"tags":[]}],"startTime":1789043457581,"endTime":1789043457599.313,"status":"passed","message":"","name":"C:/GitHub/marketoir/src/services/__tests__/XeroSyncService.stocktakes.test.ts"},{"assertionResults":[{"ancestorTitles":["dashboardHandoff"],"fullName":"dashboardHandoff keeps dashboard view routing separate from handoff parameters","status":"passed","title":"keeps dashboard view routing separate from handoff parameters","duration":3.8741999999999734,"failureMessages":[],"meta":{},"tags":[]},{"ancestorTitles":["dashboardHandoff"],"fullName":"dashboardHandoff builds encoded dashboard handoff hashes","status":"passed","title":"builds encoded dashboard handoff hashes","duration":0.5370000000000346,"failureMessages":[],"meta":{},"tags":[]}],"startTime":1789043472194,"endTime":1789043472198.537,"status":"passed","message":"","name":"C:/GitHub/marketoir/src/app/dashboard/__tests__/dashboardHandoff.test.ts"},{"assertionResults":[{"ancestorTitles":["plannerWorkspaceModel"],"fullName":"plannerWorkspaceModel normalizes citations and questions from durable message metadata","status":"passed","title":"normalizes citations and questions from durable message metadata","duration":3.567299999999989,"failureMessages":[],"meta":{},"tags":[]},{"ancestorTitles":["plannerWorkspaceModel"],"fullName":"plannerWorkspaceModel parses JSON and preserves useful non-JSON errors","status":"passed","title":"parses JSON and preserves useful non-JSON errors","duration":33.308299999999974,"failureMessages":[],"meta":{},"tags":[]},{"ancestorTitles":["plannerWorkspaceModel"],"fullName":"plannerWorkspaceModel provides concise thread type labels","status":"passed","title":"provides concise thread type labels","duration":0.6474999999999795,"failureMessages":[],"meta":{},"tags":[]}],"startTime":1789043436472,"endTime":1789043436509.6475,"status":"passed","message":"","name":"C:/GitHub/marketoir/src/app/dashboard/__tests__/plannerWorkspaceModel.test.ts"},{"assertionResults":[{"ancestorTitles":["POS product cache adapter"],"fullName":"POS product cache adapter migrates and verifies the legacy tenant catalogue before removing it","status":"passed","title":"migrates and verifies the legacy tenant catalogue before removing it","duration":33.63619999999992,"failureMessages":[],"meta":{},"tags":[]},{"ancestorTitles":["POS product cache adapter"],"fullName":"POS product cache adapter persists a catalogue without writing the localStorage product key","status":"passed","title":"persists a catalogue without writing the localStorage product key","duration":5.612600000000043,"failureMessages":[],"meta":{},"tags":[]},{"ancestorTitles":["POS product cache adapter"],"fullName":"POS product cache adapter does not make server sync metadata newer for a local product update","status":"passed","title":"does not make server sync metadata newer for a local product update","duration":9.723499999999945,"failureMessages":[],"meta":{},"tags":[]}],"startTime":1789043436702,"endTime":1789043436751.7234,"status":"passed","message":"","name":"C:/GitHub/marketoir/src/app/pos/__tests__/productCache.test.ts"},{"assertionResults":[{"ancestorTitles":["POS IndexedDB product cache"],"fullName":"POS IndexedDB product cache persists products and sync metadata across database reopen","status":"passed","title":"persists products and sync metadata across database reopen","duration":34.6318,"failureMessages":[],"meta":{},"tags":[]},{"ancestorTitles":["POS IndexedDB product cache"],"fullName":"POS IndexedDB product cache keeps catalogues isolated by business and location","status":"passed","title":"keeps catalogues isolated by business and location","duration":8.225899999999967,"failureMessages":[],"meta":{},"tags":[]},{"ancestorTitles":["POS IndexedDB product cache"],"fullName":"POS IndexedDB product cache atomically replaces a full catalogue while retaining the last full-sync watermark","status":"passed","title":"atomically replaces a full catalogue while retaining the last full-sync watermark","duration":6.851200000000063,"failureMessages":[],"meta":{},"tags":[]}],"startTime":1789043436509,"endTime":1789043436558.8513,"status":"passed","message":"","name":"C:/GitHub/marketoir/src/app/pos/__tests__/productDatabase.test.ts"},{"assertionResults":[{"ancestorTitles":["POS in-stock product filter"],"fullName":"POS in-stock product filter only includes products available to sell at the current location","status":"passed","title":"only includes products available to sell at the current location","duration":3.3980999999999995,"failureMessages":[],"meta":{},"tags":[]},{"ancestorTitles":["POS in-stock product filter"],"fullName":"POS in-stock product filter falls back to stock on hand when availability is absent","status":"passed","title":"falls back to stock on hand when availability is absent","duration":0.4662000000000148,"failureMessages":[],"meta":{},"tags":[]}],"startTime":1789043472433,"endTime":1789043472436.4663,"status":"passed","message":"","name":"C:/GitHub/marketoir/src/app/pos/__tests__/productFilters.test.ts"},{"assertionResults":[{"ancestorTitles":["createReceiptPrintGate"],"fullName":"createReceiptPrintGate allows only one print request for the lifetime of a receipt preview","status":"passed","title":"allows only one print request for the lifetime of a receipt preview","duration":3.886600000000044,"failureMessages":[],"meta":{},"tags":[]},{"ancestorTitles":["createReceiptPrintGate"],"fullName":"createReceiptPrintGate recovers when starting the print request throws","status":"passed","title":"recovers when starting the print request throws","duration":1.5294000000000096,"failureMessages":[],"meta":{},"tags":[]}],"startTime":1789043470523,"endTime":1789043470528.5293,"status":"passed","message":"","name":"C:/GitHub/marketoir/src/app/pos/__tests__/receiptPrintGuard.test.ts"},{"assertionResults":[{"ancestorTitles":["POS tenant browser storage"],"fullName":"POS tenant browser storage keeps carts and offline queues separate when the configured business changes","status":"passed","title":"keeps carts and offline queues separate when the configured business changes","duration":10.228200000000015,"failureMessages":[],"meta":{},"tags":[]},{"ancestorTitles":["POS tenant browser storage"],"fullName":"POS tenant browser storage does not block POS login when the catalogue exceeds browser storage quota","status":"passed","title":"does not block POS login when the catalogue exceeds browser storage quota","duration":1.5006999999999948,"failureMessages":[],"meta":{},"tags":[]},{"ancestorTitles":["POS tenant browser storage"],"fullName":"POS tenant browser storage uses the legacy catalogue when tenant migration exceeds browser storage quota","status":"passed","title":"uses the legacy catalogue when tenant migration exceeds browser storage quota","duration":0.7321000000000026,"failureMessages":[],"meta":{},"tags":[]},{"ancestorTitles":["POS tenant browser storage"],"fullName":"POS tenant browser storage does not block POS login when the local session cannot be cached","status":"passed","title":"does not block POS login when the local session cannot be cached","duration":0.5154999999999745,"failureMessages":[],"meta":{},"tags":[]}],"startTime":1789043464186,"endTime":1789043464198.7322,"status":"passed","message":"","name":"C:/GitHub/marketoir/src/app/pos/__tests__/storeTenantIsolation.test.ts"},{"assertionResults":[{"ancestorTitles":["createPosSyncCoordinator"],"fullName":"createPosSyncCoordinator coalesces overlapping background syncs onto one request","status":"passed","title":"coalesces overlapping background syncs onto one request","duration":6.857600000000048,"failureMessages":[],"meta":{},"tags":[]},{"ancestorTitles":["createPosSyncCoordinator"],"fullName":"createPosSyncCoordinator queues one full sync behind an active incremental sync","status":"passed","title":"queues one full sync behind an active incremental sync","duration":1.0633000000000266,"failureMessages":[],"meta":{},"tags":[]},{"ancestorTitles":["createPosSyncCoordinator"],"fullName":"createPosSyncCoordinator still runs a queued full sync when the incremental request fails","status":"passed","title":"still runs a queued full sync when the incremental request fails","duration":3.142400000000066,"failureMessages":[],"meta":{},"tags":[]}],"startTime":1789043465341,"endTime":1789043465352.1423,"status":"passed","message":"","name":"C:/GitHub/marketoir/src/app/pos/__tests__/syncCoordinator.test.ts"},{"assertionResults":[{"ancestorTitles":["HelpMarkdown"],"fullName":"HelpMarkdown renders labelled warnings and an accessible scrollable table","status":"passed","title":"renders labelled warnings and an accessible scrollable table","duration":32.080600000000004,"failureMessages":[],"meta":{},"tags":[]},{"ancestorTitles":["HelpMarkdown"],"fullName":"HelpMarkdown renders task-list checkboxes as disabled documentation controls","status":"passed","title":"renders task-list checkboxes as disabled documentation controls","duration":7.433100000000195,"failureMessages":[],"meta":{},"tags":[]}],"startTime":1789043444339,"endTime":1789043444378.433,"status":"passed","message":"","name":"C:/GitHub/marketoir/src/components/help/__tests__/HelpMarkdown.test.tsx"},{"assertionResults":[{"ancestorTitles":["business AI model preferences"],"fullName":"business AI model preferences uses Pro for document extraction and Flash for lower-risk functions by default","status":"passed","title":"uses Pro for document extraction and Flash for lower-risk functions by default","duration":5.13979999999998,"failureMessages":[],"meta":{},"tags":[]},{"ancestorTitles":["business AI model preferences"],"fullName":"business AI model preferences prefers a function-specific model over the legacy tenant model","status":"passed","title":"prefers a function-specific model over the legacy tenant model","duration":0.6315999999999917,"failureMessages":[],"meta":{},"tags":[]},{"ancestorTitles":["business AI model preferences"],"fullName":"business AI model preferences uses the legacy tenant model while a business has no function-specific selection","status":"passed","title":"uses the legacy tenant model while a business has no function-specific selection","duration":0.3010999999999626,"failureMessages":[],"meta":{},"tags":[]},{"ancestorTitles":["business AI model preferences"],"fullName":"business AI model preferences rejects incomplete or invalid preference payloads","status":"passed","title":"rejects incomplete or invalid preference payloads","duration":0.5985999999999763,"failureMessages":[],"meta":{},"tags":[]}],"startTime":1789043470232,"endTime":1789043470238.5986,"status":"passed","message":"","name":"C:/GitHub/marketoir/src/lib/ai/__tests__/businessModelPreferences.test.ts"},{"assertionResults":[{"ancestorTitles":["customer-service AI result normalization"],"fullName":"customer-service AI result normalization fails closed to other for malformed classifications","status":"passed","title":"fails closed to other for malformed classifications","duration":4.692400000000134,"failureMessages":[],"meta":{},"tags":[]},{"ancestorTitles":["customer-service AI result normalization"],"fullName":"customer-service AI result normalization accepts bounded customer enquiry values","status":"passed","title":"accepts bounded customer enquiry values","duration":0.6911000000000058,"failureMessages":[],"meta":{},"tags":[]},{"ancestorTitles":["customer-service AI result normalization"],"fullName":"customer-service AI result normalization classifies a later inbound message even when the classifier version is current","status":"passed","title":"classifies a later inbound message even when the classifier version is current","duration":4.759600000000091,"failureMessages":[],"meta":{},"tags":[]},{"ancestorTitles":["customer-service AI result normalization"],"fullName":"customer-service AI result normalization generates a fresh draft targeted to the latest inbound customer reply","status":"passed","title":"generates a fresh draft targeted to the latest inbound customer reply","duration":4.370599999999968,"failureMessages":[],"meta":{},"tags":[]}],"startTime":1789043460712,"endTime":1789043460727.3706,"status":"passed","message":"","name":"C:/GitHub/marketoir/src/lib/customer-service/__tests__/aiPipeline.test.ts"},{"assertionResults":[{"ancestorTitles":["customer-service business data tools"],"fullName":"customer-service business data tools rejects unknown and disabled tools before querying","status":"passed","title":"rejects unknown and disabled tools before querying","duration":6.827499999999986,"failureMessages":[],"meta":{},"tags":[]},{"ancestorTitles":["customer-service business data tools"],"fullName":"customer-service business data tools scopes product searches to the business and caps the result limit","status":"passed","title":"scopes product searches to the business and caps the result limit","duration":2.8374999999999773,"failureMessages":[],"meta":{},"tags":[]},{"ancestorTitles":["customer-service business data tools"],"fullName":"customer-service business data tools reuses live stock levels and removes internal stock fields","status":"passed","title":"reuses live stock levels and removes internal stock fields","duration":2.79099999999994,"failureMessages":[],"meta":{},"tags":[]},{"ancestorTitles":["customer-service business data tools"],"fullName":"customer-service business data tools validates customer email arguments","status":"passed","title":"validates customer email arguments","duration":1.245999999999981,"failureMessages":[],"meta":{},"tags":[]}],"startTime":1789043460972,"endTime":1789043460986.246,"status":"passed","message":"","name":"C:/GitHub/marketoir/src/lib/customer-service/__tests__/businessDataTools.test.ts"},{"assertionResults":[{"ancestorTitles":["customer-service Gmail metadata"],"fullName":"customer-service Gmail metadata selects the HTTPS option from a standard unsubscribe header","status":"passed","title":"selects the HTTPS option from a standard unsubscribe header","duration":3.076000000000022,"failureMessages":[],"meta":{},"tags":[]},{"ancestorTitles":["customer-service Gmail metadata"],"fullName":"customer-service Gmail metadata rejects non-HTTPS and malformed unsubscribe targets","status":"passed","title":"rejects non-HTTPS and malformed unsubscribe targets","duration":0.5783000000000129,"failureMessages":[],"meta":{},"tags":[]}],"startTime":1789043472770,"endTime":1789043472774.5784,"status":"passed","message":"","name":"C:/GitHub/marketoir/src/lib/customer-service/__tests__/gmailClient.test.ts"},{"assertionResults":[{"ancestorTitles":["Gmail OAuth state"],"fullName":"Gmail OAuth state round-trips a signed unexpired state","status":"passed","title":"round-trips a signed unexpired state","duration":6.811900000000037,"failureMessages":[],"meta":{},"tags":[]},{"ancestorTitles":["Gmail OAuth state"],"fullName":"Gmail OAuth state rejects tampering and expiry","status":"passed","title":"rejects tampering and expiry","duration":1.838899999999967,"failureMessages":[],"meta":{},"tags":[]}],"startTime":1789043467443,"endTime":1789043467451.8389,"status":"passed","message":"","name":"C:/GitHub/marketoir/src/lib/customer-service/__tests__/gmailOAuthState.test.ts"},{"assertionResults":[{"ancestorTitles":["customer-service learning redaction"],"fullName":"customer-service learning redaction removes common customer identifiers before evidence is stored","status":"passed","title":"removes common customer identifiers before evidence is stored","duration":2.8333000000000084,"failureMessages":[],"meta":{},"tags":[]}],"startTime":1789043473012,"endTime":1789043473014.8333,"status":"passed","message":"","name":"C:/GitHub/marketoir/src/lib/customer-service/__tests__/learning.test.ts"},{"assertionResults":[{"ancestorTitles":["customer-service learned Markdown"],"fullName":"customer-service learned Markdown replaces the managed section instead of appending duplicates","status":"passed","title":"replaces the managed section instead of appending duplicates","duration":5.569899999999961,"failureMessages":[],"meta":{},"tags":[]},{"ancestorTitles":["customer-service learned Markdown"],"fullName":"customer-service learned Markdown does not exceed the document word cap","status":"passed","title":"does not exceed the document word cap","duration":0.7649000000001251,"failureMessages":[],"meta":{},"tags":[]}],"startTime":1789043471309,"endTime":1789043471315.765,"status":"passed","message":"","name":"C:/GitHub/marketoir/src/lib/customer-service/__tests__/learningCurator.test.ts"},{"assertionResults":[{"ancestorTitles":["customer-service learning evidence capture"],"fullName":"customer-service learning evidence capture captures unchanged sent replies as style examples","status":"passed","title":"captures unchanged sent replies as style examples","duration":5.753700000000038,"failureMessages":[],"meta":{},"tags":[]},{"ancestorTitles":["customer-service learning evidence capture"],"fullName":"customer-service learning evidence capture captures changed replies with original and final sections","status":"passed","title":"captures changed replies with original and final sections","duration":0.7767000000000053,"failureMessages":[],"meta":{},"tags":[]}],"startTime":1789043470297,"endTime":1789043470303.7766,"status":"passed","message":"","name":"C:/GitHub/marketoir/src/lib/customer-service/__tests__/learningEvidence.test.ts"},{"assertionResults":[{"ancestorTitles":["customer-service mailbox actions"],"fullName":"customer-service mailbox actions reports the tenant thread as spam and removes it from the local Inbox","status":"passed","title":"reports the tenant thread as spam and removes it from the local Inbox","duration":9.754500000000007,"failureMessages":[],"meta":{},"tags":[]}],"startTime":1789043465188,"endTime":1789043465197.7544,"status":"passed","message":"","name":"C:/GitHub/marketoir/src/lib/customer-service/__tests__/mailboxActions.test.ts"},{"assertionResults":[{"ancestorTitles":["customer-service reply sending"],"fullName":"customer-service reply sending sends one persisted provider draft and inserts the outbound history row","status":"passed","title":"sends one persisted provider draft and inserts the outbound history row","duration":8.721599999999967,"failureMessages":[],"meta":{},"tags":[]},{"ancestorTitles":["customer-service reply sending"],"fullName":"customer-service reply sending sends a forward to its explicit recipient without reply threading headers","status":"passed","title":"sends a forward to its explicit recipient without reply threading headers","duration":5.298400000000015,"failureMessages":[],"meta":{},"tags":[]},{"ancestorTitles":["customer-service reply sending"],"fullName":"customer-service reply sending starts a new Gmail conversation without reply threading headers","status":"passed","title":"starts a new Gmail conversation without reply threading headers","duration":2.018100000000004,"failureMessages":[],"meta":{},"tags":[]},{"ancestorTitles":["customer-service reply sending"],"fullName":"customer-service reply sending keeps an ambiguous provider outcome blocked for confirmation","status":"passed","title":"keeps an ambiguous provider outcome blocked for confirmation","duration":1.7631999999999834,"failureMessages":[],"meta":{},"tags":[]},{"ancestorTitles":["customer-service reply sending"],"fullName":"customer-service reply sending marks a failure before creating the provider draft as safely retryable","status":"passed","title":"marks a failure before creating the provider draft as safely retryable","duration":3.1283999999999423,"failureMessages":[],"meta":{},"tags":[]},{"ancestorTitles":["customer-service reply sending"],"fullName":"customer-service reply sending marks an explicit Gmail validation rejection as failed before delivery","status":"passed","title":"marks an explicit Gmail validation rejection as failed before delivery","duration":1.919399999999996,"failureMessages":[],"meta":{},"tags":[]}],"startTime":1789043449171,"endTime":1789043449193.9194,"status":"passed","message":"","name":"C:/GitHub/marketoir/src/lib/customer-service/__tests__/replyActions.test.ts"},{"assertionResults":[{"ancestorTitles":["customer-service inbox repository"],"fullName":"customer-service inbox repository inlines bounded pagination instead of binding unsupported LIMIT parameters","status":"passed","title":"inlines bounded pagination instead of binding unsupported LIMIT parameters","duration":5.236499999999978,"failureMessages":[],"meta":{},"tags":[]},{"ancestorTitles":["customer-service inbox repository"],"fullName":"customer-service inbox repository falls back to safe pagination when values are not finite","status":"passed","title":"falls back to safe pagination when values are not finite","duration":1.4426999999998316,"failureMessages":[],"meta":{},"tags":[]},{"ancestorTitles":["customer-service inbox repository"],"fullName":"customer-service inbox repository excludes archived threads unless status is explicitly requested","status":"passed","title":"excludes archived threads unless status is explicitly requested","duration":1.8810000000000855,"failureMessages":[],"meta":{},"tags":[]},{"ancestorTitles":["customer-service inbox repository"],"fullName":"customer-service inbox repository orders starred threads first before date sorting","status":"passed","title":"orders starred threads first before date sorting","duration":0.8054999999999382,"failureMessages":[],"meta":{},"tags":[]},{"ancestorTitles":["customer-service inbox repository"],"fullName":"customer-service inbox repository groups unread threads first and sorts each group newest-first when enabled","status":"passed","title":"groups unread threads first and sorts each group newest-first when enabled","duration":0.5438000000001466,"failureMessages":[],"meta":{},"tags":[]},{"ancestorTitles":["customer-service inbox repository"],"fullName":"customer-service inbox repository does not add a category predicate to the default all-mail view","status":"passed","title":"does not add a category predicate to the default all-mail view","duration":0.4882000000000062,"failureMessages":[],"meta":{},"tags":[]},{"ancestorTitles":["customer-service inbox repository"],"fullName":"customer-service inbox repository returns the latest tenant Gmail refresh time independently of pagination","status":"passed","title":"returns the latest tenant Gmail refresh time independently of pagination","duration":0.8513000000000375,"failureMessages":[],"meta":{},"tags":[]},{"ancestorTitles":["customer-service inbox repository"],"fullName":"customer-service inbox repository supports toggling thread star state","status":"passed","title":"supports toggling thread star state","duration":2.7316000000000713,"failureMessages":[],"meta":{},"tags":[]},{"ancestorTitles":["customer-service inbox repository"],"fullName":"customer-service inbox repository loads bounded other conversations for the same customer within the tenant","status":"passed","title":"loads bounded other conversations for the same customer within the tenant","duration":1.1739999999999782,"failureMessages":[],"meta":{},"tags":[]},{"ancestorTitles":["customer-service inbox repository"],"fullName":"customer-service inbox repository creates a forward draft for a validated explicit recipient","status":"passed","title":"creates a forward draft for a validated explicit recipient","duration":3.9038000000000466,"failureMessages":[],"meta":{},"tags":[]},{"ancestorTitles":["customer-service inbox repository"],"fullName":"customer-service inbox repository rejects a forward without a valid recipient before creating a draft","status":"passed","title":"rejects a forward without a valid recipient before creating a draft","duration":2.6508000000001175,"failureMessages":[],"meta":{},"tags":[]},{"ancestorTitles":["customer-service inbox repository"],"fullName":"customer-service inbox repository creates a durable new-conversation draft keyed to one compose operation","status":"passed","title":"creates a durable new-conversation draft keyed to one compose operation","duration":1.6532999999999447,"failureMessages":[],"meta":{},"tags":[]}],"startTime":1789043447544,"endTime":1789043447567.6533,"status":"passed","message":"","name":"C:/GitHub/marketoir/src/lib/customer-service/__tests__/repository.test.ts"},{"assertionResults":[{"ancestorTitles":["customer service schedule"],"fullName":"customer service schedule normalizes, sorts, and deduplicates valid local run times","status":"passed","title":"normalizes, sorts, and deduplicates valid local run times","duration":4.36990000000003,"failureMessages":[],"meta":{},"tags":[]},{"ancestorTitles":["customer service schedule"],"fullName":"customer service schedule is due within the dispatcher window and only once","status":"passed","title":"is due within the dispatcher window and only once","duration":38.11040000000003,"failureMessages":[],"meta":{},"tags":[]},{"ancestorTitles":["customer service schedule"],"fullName":"customer service schedule does not run a stale schedule after the dispatcher window","status":"passed","title":"does not run a stale schedule after the dispatcher window","duration":0.7680999999998903,"failureMessages":[],"meta":{},"tags":[]},{"ancestorTitles":["customer service schedule"],"fullName":"customer service schedule uses the business timezone across daylight-saving changes","status":"passed","title":"uses the business timezone across daylight-saving changes","duration":0.9794999999999163,"failureMessages":[],"meta":{},"tags":[]}],"startTime":1789043442535,"endTime":1789043442578.9795,"status":"passed","message":"","name":"C:/GitHub/marketoir/src/lib/customer-service/__tests__/schedule.test.ts"},{"assertionResults":[{"ancestorTitles":["customer-service mailbox sync"],"fullName":"customer-service mailbox sync finalizes a pending send when Gmail returns its stable Message-ID","status":"passed","title":"finalizes a pending send when Gmail returns its stable Message-ID","duration":7.9804000000000315,"failureMessages":[],"meta":{},"tags":[]},{"ancestorTitles":["customer-service mailbox sync"],"fullName":"customer-service mailbox sync persists standard unsubscribe metadata with synced messages","status":"passed","title":"persists standard unsubscribe metadata with synced messages","duration":2.417799999999943,"failureMessages":[],"meta":{},"tags":[]},{"ancestorTitles":["customer-service mailbox sync"],"fullName":"customer-service mailbox sync moves a confirmed new-message draft to Gmail thread and removes its pending shell","status":"passed","title":"moves a confirmed new-message draft to Gmail thread and removes its pending shell","duration":1.3514000000000124,"failureMessages":[],"meta":{},"tags":[]}],"startTime":1789043462420,"endTime":1789043462431.3513,"status":"passed","message":"","name":"C:/GitHub/marketoir/src/lib/customer-service/__tests__/syncMailbox.test.ts"},{"assertionResults":[{"ancestorTitles":["getAdminSession"],"fullName":"getAdminSession returns a verified signed admin session","status":"passed","title":"returns a verified signed admin session","duration":6.589900000000057,"failureMessages":[],"meta":{},"tags":[]},{"ancestorTitles":["getAdminSession"],"fullName":"getAdminSession rejects unsigned legacy session JSON","status":"passed","title":"rejects unsigned legacy session JSON","duration":0.9150999999999385,"failureMessages":[],"meta":{},"tags":[]},{"ancestorTitles":["getAdminSession"],"fullName":"getAdminSession rejects changes to the visible legacy payload","status":"passed","title":"rejects changes to the visible legacy payload","duration":0.969600000000014,"failureMessages":[],"meta":{},"tags":[]}],"startTime":1789043468263,"endTime":1789043468271.9695,"status":"passed","message":"","name":"C:/GitHub/marketoir/src/lib/auth/__tests__/adminSessionReader.test.ts"},{"assertionResults":[{"ancestorTitles":["adminSessionToken"],"fullName":"adminSessionToken round-trips a valid session payload","status":"passed","title":"round-trips a valid session payload","duration":6.444099999999935,"failureMessages":[],"meta":{},"tags":[]},{"ancestorTitles":["adminSessionToken"],"fullName":"adminSessionToken exposes verified timing metadata for expiry-preserving reissue","status":"passed","title":"exposes verified timing metadata for expiry-preserving reissue","duration":1.1427999999999656,"failureMessages":[],"meta":{},"tags":[]},{"ancestorTitles":["adminSessionToken"],"fullName":"adminSessionToken rejects a session whose payload was modified without resigning","status":"passed","title":"rejects a session whose payload was modified without resigning","duration":1.0287999999999329,"failureMessages":[],"meta":{},"tags":[]},{"ancestorTitles":["adminSessionToken"],"fullName":"adminSessionToken rejects an expired session","status":"passed","title":"rejects an expired session","duration":0.6756000000000313,"failureMessages":[],"meta":{},"tags":[]},{"ancestorTitles":["adminSessionToken"],"fullName":"adminSessionToken rejects malformed and unsigned legacy cookies","status":"passed","title":"rejects malformed and unsigned legacy cookies","duration":0.5867999999999256,"failureMessages":[],"meta":{},"tags":[]},{"ancestorTitles":["adminSessionToken"],"fullName":"adminSessionToken reject
[...]
4299999999994,"failureMessages":[],"meta":{},"tags":[]},{"ancestorTitles":["POST /api/foresight/marketing/recommendations/[id]/rollback"],"fullName":"POST /api/foresight/marketing/recommendations/[id]/rollback requires the exact rollback confirmation phrase","status":"passed","title":"requires the exact rollback confirmation phrase","duration":3.7094000000000733,"failureMessages":[],"meta":{},"tags":[]},{"ancestorTitles":["POST /api/foresight/marketing/recommendations/[id]/rollback"],"fullName":"POST /api/foresight/marketing/recommendations/[id]/rollback uses tenant and actor identity only from the Admin session","status":"passed","title":"uses tenant and actor identity only from the Admin session","duration":4.1784000000000106,"failureMessages":[],"meta":{},"tags":[]},{"ancestorTitles":["POST /api/foresight/marketing/recommendations/[id]/rollback"],"fullName":"POST /api/foresight/marketing/recommendations/[id]/rollback returns conflict when the live rollback preflight is stale","status":"passed","title":"returns conflict when the live rollback preflight is stale","duration":1.6685999999999694,"failureMessages":[],"meta":{},"tags":[]}],"startTime":1789043452831,"endTime":1789043452849.6687,"status":"passed","message":"","name":"C:/GitHub/marketoir/src/app/api/foresight/marketing/recommendations/[id]/rollback/__tests__/route.test.ts"},{"assertionResults":[{"ancestorTitles":["order resolution settlement changes"],"fullName":"order resolution settlement changes blocks Advisor accounts before reading settlement data","status":"passed","title":"blocks Advisor accounts before reading settlement data","duration":13.738999999999919,"failureMessages":[],"meta":{},"tags":[]},{"ancestorTitles":["order resolution settlement changes"],"fullName":"order resolution settlement changes removes only the recorded successful allocation and releases its ledger row","status":"passed","title":"removes only the recorded successful allocation and releases its ledger row","duration":7.792799999999943,"failureMessages":[],"meta":{},"tags":[]},{"ancestorTitles":["order resolution settlement changes"],"fullName":"order resolution settlement changes records a new allocation action and uses the target order Xero invoice","status":"passed","title":"records a new allocation action and uses the target order Xero invoice","duration":4.284099999999967,"failureMessages":[],"meta":{},"tags":[]},{"ancestorTitles":["order resolution settlement changes"],"fullName":"order resolution settlement changes marks the durable action failed when Xero rejects a refund","status":"passed","title":"marks the durable action failed when Xero rejects a refund","duration":4.868100000000027,"failureMessages":[],"meta":{},"tags":[]}],"startTime":1789043445815,"endTime":1789043445845.8682,"status":"passed","message":"","name":"C:/GitHub/marketoir/src/app/api/ims/order-resolutions/[type]/[id]/settlement/__tests__/route.test.ts"},{"assertionResults":[{"ancestorTitles":["POST /api/ims/money/cash-deposits/[depositId]/post"],"fullName":"POST /api/ims/money/cash-deposits/[depositId]/post posts a confirmed deposit when cash banking is enabled","status":"passed","title":"posts a confirmed deposit when cash banking is enabled","duration":13.191799999999944,"failureMessages":[],"meta":{},"tags":[]},{"ancestorTitles":["POST /api/ims/money/cash-deposits/[depositId]/post"],"fullName":"POST /api/ims/money/cash-deposits/[depositId]/post returns 423 without claiming the deposit or reporting an issue when cash banking is disabled","status":"passed","title":"returns 423 without claiming the deposit or reporting an issue when cash banking is disabled","duration":4.665599999999927,"failureMessages":[],"meta":{},"tags":[]}],"startTime":1789043450624,"endTime":1789043450641.6655,"status":"passed","message":"","name":"C:/GitHub/marketoir/src/app/api/ims/money/cash-deposits/[depositId]/post/__tests__/route.test.ts"},{"assertionResults":[{"ancestorTitles":["GET /api/ims/money/cash-deposits/[depositId]/xero"],"fullName":"GET /api/ims/money/cash-deposits/[depositId]/xero redirects with the stored destination bank transaction ID","status":"passed","title":"redirects with the stored destination bank transaction ID","duration":11.961999999999989,"failureMessages":[],"meta":{},"tags":[]},{"ancestorTitles":["GET /api/ims/money/cash-deposits/[depositId]/xero"],"fullName":"GET /api/ims/money/cash-deposits/[depositId]/xero resolves and stores the destination transaction ID for a historical deposit","status":"passed","title":"resolves and stores the destination transaction ID for a historical deposit","duration":1.7124000000000024,"failureMessages":[],"meta":{},"tags":[]},{"ancestorTitles":["GET /api/ims/money/cash-deposits/[depositId]/xero"],"fullName":"GET /api/ims/money/cash-deposits/[depositId]/xero returns 404 for a deposit outside the authenticated business","status":"passed","title":"returns 404 for a deposit outside the authenticated business","duration":3.630100000000084,"failureMessages":[],"meta":{},"tags":[]},{"ancestorTitles":["GET /api/ims/money/cash-deposits/[depositId]/xero"],"fullName":"GET /api/ims/money/cash-deposits/[depositId]/xero returns 409 when the deposit has not been transferred","status":"passed","title":"returns 409 when the deposit has not been transferred","duration":1.2018999999999096,"failureMessages":[],"meta":{},"tags":[]},{"ancestorTitles":["GET /api/ims/money/cash-deposits/[depositId]/xero"],"fullName":"GET /api/ims/money/cash-deposits/[depositId]/xero reports a historical Xero lookup failure","status":"passed","title":"reports a historical Xero lookup failure","duration":2.365099999999984,"failureMessages":[],"meta":{},"tags":[]}],"startTime":1789043443745,"endTime":1789043443766.365,"status":"passed","message":"","name":"C:/GitHub/marketoir/src/app/api/ims/money/cash-deposits/[depositId]/xero/__tests__/route.test.ts"},{"assertionResults":[{"ancestorTitles":["POST purchase-order early-payment preview"],"fullName":"POST purchase-order early-payment preview loads the tenant order and ignores request-supplied order totals","status":"passed","title":"loads the tenant order and ignores request-supplied order totals","duration":17.18889999999999,"failureMessages":[],"meta":{},"tags":[]}],"startTime":1789043454190,"endTime":1789043454207.189,"status":"passed","message":"","name":"C:/GitHub/marketoir/src/app/api/ims/purchase-orders/[id]/payments/early-payment-preview/__tests__/route.test.ts"},{"assertionResults":[{"ancestorTitles":["DELETE PO payment"],"fullName":"DELETE PO payment blocks deletion of an early-payment settlement","status":"passed","title":"blocks deletion of an early-payment settlement","duration":14.955000000000041,"failureMessages":[],"meta":{},"tags":[]}],"startTime":1789043460748,"endTime":1789043460762.955,"status":"passed","message":"","name":"C:/GitHub/marketoir/src/app/api/ims/purchase-orders/[id]/payments/[pid]/__tests__/route.test.ts"},{"assertionResults":[{"ancestorTitles":["POST sales-order early-payment preview"],"fullName":"POST sales-order early-payment preview returns unavailable when the saved order has no discount snapshot","status":"passed","title":"returns unavailable when the saved order has no discount snapshot","duration":15.477399999999989,"failureMessages":[],"meta":{},"tags":[]}],"startTime":1789043460245,"endTime":1789043460260.4773,"status":"passed","message":"","name":"C:/GitHub/marketoir/src/app/api/ims/sales-orders/[id]/payments/early-payment-preview/__tests__/route.test.ts"},{"assertionResults":[{"ancestorTitles":["DELETE SO payment"],"fullName":"DELETE SO payment blocks deletion of an early-payment settlement","status":"passed","title":"blocks deletion of an early-payment settlement","duration":14.047899999999913,"failureMessages":[],"meta":{},"tags":[]}],"startTime":1789043460668,"endTime":1789043460682.0479,"status":"passed","message":"","name":"C:/GitHub/marketoir/src/app/api/ims/sales-orders/[id]/payments/[pid]/__tests__/route.test.ts"},{"assertionResults":[{"ancestorTitles":["wholesale member location assignments"],"fullName":"wholesale member location assignments replaces grants and default location in one audited transaction","status":"passed","title":"replaces grants and default location in one audited transaction","duration":15.101400000000012,"failureMessages":[],"meta":{},"tags":[]}],"startTime":1789043459305,"endTime":1789043459320.1013,"status":"passed","message":"","name":"C:/GitHub/marketoir/src/app/api/wholesale/account/team/[memberId]/locations/__tests__/route.test.ts"},{"assertionResults":[{"ancestorTitles":["loyalty portal code request"],"fullName":"loyalty portal code request links the Shopify customer, creates a loyalty challenge, and sends the code","status":"passed","title":"links the Shopify customer, creates a loyalty challenge, and sends the code","duration":20.448800000000006,"failureMessages":[],"meta":{},"tags":[]},{"ancestorTitles":["loyalty portal code request"],"fullName":"loyalty portal code request records a contact-link failure without exposing the email in context","status":"passed","title":"records a contact-link failure without exposing the email in context","duration":3.9547000000000025,"failureMessages":[],"meta":{},"tags":[]},{"ancestorTitles":["loyalty portal code request"],"fullName":"loyalty portal code request identifies missing email delivery configuration after challenge creation","status":"passed","title":"identifies missing email delivery configuration after challenge creation","duration":3.381399999999985,"failureMessages":[],"meta":{},"tags":[]}],"startTime":1789043443503,"endTime":1789043443531.3813,"status":"passed","message":"","name":"C:/GitHub/marketoir/src/app/api/loyalty/[slug]/auth/code/request/__tests__/route.test.ts"},{"assertionResults":[{"ancestorTitles":["POST /api/xero/reconciliation/issues/[id]/ignore"],"fullName":"POST /api/xero/reconciliation/issues/[id]/ignore allows Admin to ignore with actor and reason","status":"passed","title":"allows Admin to ignore with actor and reason","duration":17.38689999999997,"failureMessages":[],"meta":{},"tags":[]},{"ancestorTitles":["POST /api/xero/reconciliation/issues/[id]/ignore"],"fullName":"POST /api/xero/reconciliation/issues/[id]/ignore allows SuperAdmin to ignore with actor and reason","status":"passed","title":"allows SuperAdmin to ignore with actor and reason","duration":1.8836999999999762,"failureMessages":[],"meta":{},"tags":[]},{"ancestorTitles":["POST /api/xero/reconciliation/issues/[id]/ignore"],"fullName":"POST /api/xero/reconciliation/issues/[id]/ignore allows Advisor to ignore with actor and reason","status":"passed","title":"allows Advisor to ignore with actor and reason","duration":1.6408999999999878,"failureMessages":[],"meta":{},"tags":[]},{"ancestorTitles":["POST /api/xero/reconciliation/issues/[id]/ignore"],"fullName":"POST /api/xero/reconciliation/issues/[id]/ignore rejects a blank reason as validation, not a runtime issue","status":"passed","title":"rejects a blank reason as validation, not a runtime issue","duration":1.748199999999997,"failureMessages":[],"meta":{},"tags":[]},{"ancestorTitles":["POST /api/xero/reconciliation/issues/[id]/ignore"],"fullName":"POST /api/xero/reconciliation/issues/[id]/ignore returns not found when the issue is absent or no longer open","status":"passed","title":"returns not found when the issue is absent or no longer open","duration":1.720700000000079,"failureMessages":[],"meta":{},"tags":[]},{"ancestorTitles":["POST /api/xero/reconciliation/issues/[id]/ignore"],"fullName":"POST /api/xero/reconciliation/issues/[id]/ignore blocks operational tiers before mutation","status":"passed","title":"blocks operational tiers before mutation","duration":1.0792999999999893,"failureMessages":[],"meta":{},"tags":[]}],"startTime":1789043443819,"endTime":1789043443845.0793,"status":"passed","message":"","name":"C:/GitHub/marketoir/src/app/api/xero/reconciliation/issues/[id]/ignore/__tests__/route.test.ts"},{"assertionResults":[{"ancestorTitles":["POST /api/xero/reconciliation/issues/[id]/action"],"fullName":"POST /api/xero/reconciliation/issues/[id]/action retries through the policy-aware local document hook and records the actor","status":"passed","title":"retries through the policy-aware local document hook and records the actor","duration":17.186000000000035,"failureMessages":[],"meta":{},"tags":[]},{"ancestorTitles":["POST /api/xero/reconciliation/issues/[id]/action"],"fullName":"POST /api/xero/reconciliation/issues/[id]/action blocks Advisor from all accounting actions","status":"passed","title":"blocks Advisor from all accounting actions","duration":1.927699999999959,"failureMessages":[],"meta":{},"tags":[]},{"ancestorTitles":["POST /api/xero/reconciliation/issues/[id]/action"],"fullName":"POST /api/xero/reconciliation/issues/[id]/action requires a reason before authorising","status":"passed","title":"requires a reason before authorising","duration":1.4769999999999754,"failureMessages":[],"meta":{},"tags":[]},{"ancestorTitles":["POST /api/xero/reconciliation/issues/[id]/action"],"fullName":"POST /api/xero/reconciliation/issues/[id]/action authorises only a linked lifecycle issue and records the reason","status":"passed","title":"authorises only a linked lifecycle issue and records the reason","duration":3.4651000000000067,"failureMessages":[],"meta":{},"tags":[]},{"ancestorTitles":["POST /api/xero/reconciliation/issues/[id]/action"],"fullName":"POST /api/xero/reconciliation/issues/[id]/action rejects authorise for a non-lifecycle discrepancy","status":"passed","title":"rejects authorise for a non-lifecycle discrepancy","duration":1.9752999999999474,"failureMessages":[],"meta":{},"tags":[]}],"startTime":1789043446296,"endTime":1789043446321.9753,"status":"passed","message":"","name":"C:/GitHub/marketoir/src/app/api/xero/reconciliation/issues/[id]/action/__tests__/route.test.ts"},{"assertionResults":[{"ancestorTitles":["POST /api/foresight/marketing/recommendations/[id]/meta/execute"],"fullName":"POST /api/foresight/marketing/recommendations/[id]/meta/execute requires Admin tier before any execution call","status":"passed","title":"requires Admin tier before any execution call","duration":11.634399999999914,"failureMessages":[],"meta":{},"tags":[]},{"ancestorTitles":["POST /api/foresight/marketing/recommendations/[id]/meta/execute"],"fullName":"POST /api/foresight/marketing/recommendations/[id]/meta/execute requires the exact Meta confirmation phrase","status":"passed","title":"requires the exact Meta confirmation phrase","duration":3.953800000000001,"failureMessages":[],"meta":{},"tags":[]},{"ancestorTitles":["POST /api/foresight/marketing/recommendations/[id]/meta/execute"],"fullName":"POST /api/foresight/marketing/recommendations/[id]/meta/execute derives tenant and actor from the Admin session","status":"passed","title":"derives tenant and actor from the Admin session","duration":6.418300000000045,"failureMessages":[],"meta":{},"tags":[]},{"ancestorTitles":["POST /api/foresight/marketing/recommendations/[id]/meta/execute"],"fullName":"POST /api/foresight/marketing/recommendations/[id]/meta/execute returns conflict when fresh Meta settings differ from confirmation","status":"passed","title":"returns conflict when fresh Meta settings differ from confirmation","duration":1.6764000000000578,"failureMessages":[],"meta":{},"tags":[]}],"startTime":1789043449452,"endTime":1789043449476.6765,"status":"passed","message":"","name":"C:/GitHub/marketoir/src/app/api/foresight/marketing/recommendations/[id]/meta/execute/__tests__/route.test.ts"},{"assertionResults":[{"ancestorTitles":["POST /api/foresight/marketing/recommendations/[id]/meta/preflight"],"fullName":"POST /api/foresight/marketing/recommendations/[id]/meta/preflight requires Admin tier before reading Meta settings","status":"passed","title":"requires Admin tier before reading Meta settings","duration":9.029999999999973,"failureMessages":[],"meta":{},"tags":[]},{"ancestorTitles":["POST /api/foresight/marketing/recommendations/[id]/meta/preflight"],"fullName":"POST /api/foresight/marketing/recommendations/[id]/meta/preflight derives the tenant from the Admin session","status":"passed","title":"derives the tenant from the Admin session","duration":5.710699999999974,"failureMessages":[],"meta":{},"tags":[]},{"ancestorTitles":["POST /api/foresight/marketing/recommendations/[id]/meta/preflight"],"fullName":"POST /api/foresight/marketing/recommendations/[id]/meta/preflight requires a proposal hash","status":"passed","title":"requires a proposal hash","duration":1.5086000000000013,"failureMessages":[],"meta":{},"tags":[]}],"startTime":1789043452879,"endTime":1789043452895.5085,"status":"passed","message":"","name":"C:/GitHub/marketoir/src/app/api/foresight/marketing/recommendations/[id]/meta/preflight/__tests__/route.test.ts"},{"assertionResults":[{"ancestorTitles":["POST /api/foresight/marketing/recommendations/[id]/rollback/preflight"],"fullName":"POST /api/foresight/marketing/recommendations/[id]/rollback/preflight requires Admin tier before reading rollback readiness","status":"passed","title":"requires Admin tier before reading rollback readiness","duration":12.441699999999969,"failureMessages":[],"meta":{},"tags":[]},{"ancestorTitles":["POST /api/foresight/marketing/recommendations/[id]/rollback/preflight"],"fullName":"POST /api/foresight/marketing/recommendations/[id]/rollback/preflight derives tenant identity and validates the original execution id","status":"passed","title":"derives tenant identity and validates the original execution id","duration":7.669000000000096,"failureMessages":[],"meta":{},"tags":[]}],"startTime":1789043457277,"endTime":1789043457297.669,"status":"passed","message":"","name":"C:/GitHub/marketoir/src/app/api/foresight/marketing/recommendations/[id]/rollback/preflight/__tests__/route.test.ts"},{"assertionResults":[{"ancestorTitles":["gift-card transaction retry route"],"fullName":"gift-card transaction retry route recovers an uncertain POS debit from provider history without debiting again","status":"passed","title":"recovers an uncertain POS debit from provider history without debiting again","duration":342.1482000000001,"failureMessages":[],"meta":{},"tags":[]}],"startTime":1789043434306,"endTime":1789043434648.1482,"status":"passed","message":"","name":"C:/GitHub/marketoir/src/app/api/ims/gift-cards/[id]/transactions/[transactionId]/retry/__tests__/route.test.ts"},{"assertionResults":[{"ancestorTitles":["POST Meta rollback"],"fullName":"POST Meta rollback requires the exact confirmation phrase","status":"passed","title":"requires the exact confirmation phrase","duration":13.550700000000006,"failureMessages":[],"meta":{},"tags":[]},{"ancestorTitles":["POST Meta rollback"],"fullName":"POST Meta rollback derives tenant and actor from the admin session","status":"passed","title":"derives tenant and actor from the admin session","duration":6.844600000000014,"failureMessages":[],"meta":{},"tags":[]}],"startTime":1789043454255,"endTime":1789043454274.8445,"status":"passed","message":"","name":"C:/GitHub/marketoir/src/app/api/foresight/marketing/recommendations/[id]/meta/rollback/__tests__/route.test.ts"},{"assertionResults":[{"ancestorTitles":["POST Meta rollback preflight"],"fullName":"POST Meta rollback preflight requires admin tier before reading receipt state","status":"passed","title":"requires admin tier before reading receipt state","duration":10.327300000000037,"failureMessages":[],"meta":{},"tags":[]},{"ancestorTitles":["POST Meta rollback preflight"],"fullName":"POST Meta rollback preflight derives tenant identity and validates execution id","status":"passed","title":"derives tenant identity and validates execution id","duration":5.976400000000012,"failureMessages":[],"meta":{},"tags":[]}],"startTime":1789043448833,"endTime":1789043448848.9763,"status":"passed","message":"","name":"C:/GitHub/marketoir/src/app/api/foresight/marketing/recommendations/[id]/meta/rollback/preflight/__tests__/route.test.ts"}]}